[2019-07-16 09:04:03,311] INFO[92L][2596]: ('15269797480', {"retcode": "0", "ticket": "ST-NzE4MTA0NTIzNA==-1563239042-gz-67BFC99C0755B7C0D09068F39E956CC4-1", "uid": "7181045234", "nick": "用户7181045234"})
[2019-07-16 09:04:03,318] INFO[92L][2596]: ('15269797480', 登录成功)
[2019-07-16 09:04:05,322] INFO[92L][2596]: ('15269797480', 关注[1839167003]成功)
[2019-07-16 09:05:33,277] INFO[92L][6420]: ('15269797480', {"retcode": "0", "ticket": "ST-NzE4MTA0NTIzNA==-1563239132-gz-4F5A236E9B54E700894FC13B1433964C-1", "uid": "7181045234", "nick": "用户7181045234"})
[2019-07-16 09:05:33,279] INFO[92L][6420]: ('15269797480', 登录成功)
[2019-07-16 09:05:44,237] INFO[92L][6420]: ('15269797480', 关注[1839167003]成功)
[2019-07-16 09:06:49,180] INFO[92L][7696]: ('15269797480', {"retcode": "0", "ticket": "ST-NzE4MTA0NTIzNA==-1563239208-gz-1DCD8D0FBF2DD649B32094E75E68501C-1", "uid": "7181045234", "nick": "用户7181045234"})
[2019-07-16 09:06:49,181] INFO[92L][7696]: ('15269797480', 登录成功)
[2019-07-16 09:06:50,761] INFO[92L][7696]: ('15269797480', 关注[1839167003]成功)
[2019-07-16 09:07:56,175] INFO[92L][12464]: ('15269797480', {"retcode": "0", "ticket": "ST-NzE4MTA0NTIzNA==-1563239275-gz-36C51F90CD55A9D9364DC6F408F82F99-1", "uid": "7181045234", "nick": "用户7181045234"})
[2019-07-16 09:07:56,177] INFO[92L][12464]: ('15269797480', 登录成功)
[2019-07-16 09:37:34,328] INFO[122L][10988]:  * Running on http://127.0.0.1:5000/ (Press CTRL+C to quit)
[2019-07-16 09:37:47,497] INFO[122L][7864]: 127.0.0.1 - - [16/Jul/2019 09:37:47] "GET /run/1 HTTP/1.1" 200 -
[2019-07-16 09:37:47,543] INFO[122L][13244]: 127.0.0.1 - - [16/Jul/2019 09:37:47] "GET /favicon.ico HTTP/1.1" 404 -
[2019-07-16 09:37:52,885] INFO[92L][9912]: ('15270295067', {"retcode": "2070", "reason": "输入的验证码不正确"})
[2019-07-16 09:37:54,665] INFO[92L][9912]: ('15270295067', {"retcode": "0", "ticket": "ST-NzIxMzU1ODk3OA==-1563241073-gz-4CC2A412FCBC6B6E2962E438E6E702E0-1", "uid": "7213558978", "nick": "用户7213558978"})
[2019-07-16 09:37:54,668] INFO[92L][9912]: ('15270295067', 登录成功)
[2019-07-16 09:37:56,920] INFO[92L][9912]: ('15270295067', 头像上传成功)
[2019-07-16 09:37:58,384] INFO[92L][9912]: ('15270295067', 关注[6067963971]成功)
[2019-07-16 09:37:58,459] INFO[92L][9912]: ('15270295067', 关注成功,同步到服务器结果[True])
[2019-07-16 09:38:03,119] INFO[92L][9912]: ('15270295067', 关注[2867617412]成功)
[2019-07-16 09:38:03,206] INFO[92L][9912]: ('15270295067', 关注成功,同步到服务器结果[True])
[2019-07-16 09:38:06,486] INFO[92L][9912]: ('15270295067', 关注[1846861571]成功)
[2019-07-16 09:38:06,593] INFO[92L][9912]: ('15270295067', 关注成功,同步到服务器结果[True])
[2019-07-16 09:38:09,996] INFO[92L][9912]: ('15270295067', 关注[7169149878]成功)
[2019-07-16 09:38:10,104] INFO[92L][9912]: ('15270295067', 关注成功,同步到服务器结果[True])
[2019-07-16 09:38:12,513] INFO[92L][9912]: ('15270295067', 关注[5645820513]成功)
[2019-07-16 09:38:12,610] INFO[92L][9912]: ('15270295067', 关注成功,同步到服务器结果[True])
[2019-07-16 09:38:15,748] INFO[92L][9912]: ('13894016545', {"retcode": "2070", "reason": "输入的验证码不正确"})
[2019-07-16 09:38:16,633] INFO[92L][9912]: ('13894016545', {"retcode": "0", "ticket": "ST-NzIxMjk5NTUzNw==-1563241095-yf-791D642985E026DDDB1EEACCAC3806B5-1", "uid": "7212995537", "nick": "用户7212995537"})
[2019-07-16 09:38:16,635] INFO[92L][9912]: ('13894016545', 登录成功)
[2019-07-16 09:38:22,021] INFO[92L][9912]: ('13894016545', 头像上传成功)
[2019-07-16 09:38:23,217] INFO[92L][9912]: ('13894016545', 关注[6886115717]成功)
[2019-07-16 09:38:23,295] INFO[92L][9912]: ('13894016545', 关注成功,同步到服务器结果[True])
[2019-07-16 09:38:25,845] INFO[92L][9912]: ('13894016545', 关注[7209614609]成功)
[2019-07-16 09:38:25,932] INFO[92L][9912]: ('13894016545', 关注成功,同步到服务器结果[True])
[2019-07-16 09:38:39,091] INFO[122L][1976]:  * Running on http://127.0.0.1:5000/ (Press CTRL+C to quit)
[2019-07-16 09:38:59,935] INFO[122L][9148]: 127.0.0.1 - - [16/Jul/2019 09:38:59] "GET /run/1 HTTP/1.1" 200 -
[2019-07-16 09:39:04,984] INFO[92L][9856]: ('18946594169', {"retcode": "2070", "reason": "输入的验证码不正确"})
[2019-07-16 09:39:05,496] INFO[92L][9856]: ('18946594169', {"retcode": "0", "ticket": "ST-NzIxMzU1ODkzOA==-1563241144-yf-0CF14CC42C271AB6DAA4BEA605642A06-1", "uid": "7213558938", "nick": "用户7213558938"})
[2019-07-16 09:39:05,498] INFO[92L][9856]: ('18946594169', 登录成功)
[2019-07-16 09:39:07,093] INFO[92L][9856]: ('18946594169', 头像上传成功)
[2019-07-16 09:39:08,396] INFO[92L][9856]: ('18946594169', 关注[6071429199]成功)
[2019-07-16 09:39:08,506] INFO[92L][9856]: ('18946594169', 关注成功,同步到服务器结果[True])
[2019-07-16 09:39:11,538] INFO[92L][9856]: ('18946594169', 关注[5720903646]成功)
[2019-07-16 09:39:11,622] INFO[92L][9856]: ('18946594169', 关注成功,同步到服务器结果[True])
[2019-07-16 09:41:00,338] INFO[122L][12448]:  * Running on http://127.0.0.1:5000/ (Press CTRL+C to quit)
[2019-07-16 09:41:02,719] INFO[122L][10200]: 127.0.0.1 - - [16/Jul/2019 09:41:02] "GET /run/1 HTTP/1.1" 200 -
[2019-07-16 09:41:07,648] INFO[92L][9000]: ('18946594169', {"retcode": "2070", "reason": "输入的验证码不正确"})
[2019-07-16 09:41:08,188] INFO[92L][9000]: ('18946594169', {"retcode": "0", "ticket": "ST-NzIxMzU1ODkzOA==-1563241267-tc-3854ED710B2797ED9AB34C439B6E6941-1", "uid": "7213558938", "nick": "用户7213558938"})
[2019-07-16 09:41:08,189] INFO[92L][9000]: ('18946594169', 登录成功)
[2019-07-16 09:41:11,196] INFO[92L][9000]: ('18946594169', 关注[5910304463]成功)
[2019-07-16 09:41:11,283] INFO[92L][9000]: ('18946594169', 关注成功,同步到服务器结果[True])
[2019-07-16 09:41:13,148] INFO[92L][9000]: ('18946594169', 关注[2817069532]成功)
[2019-07-16 09:41:13,234] INFO[92L][9000]: ('18946594169', 关注成功,同步到服务器结果[True])
[2019-07-16 09:41:15,339] INFO[92L][9000]: ('18946594169', 关注[2392001542]成功)
[2019-07-16 09:41:15,442] INFO[92L][9000]: ('18946594169', 关注成功,同步到服务器结果[True])
[2019-07-16 09:41:17,754] INFO[92L][9000]: ('18946594169', 关注[1662526980]成功)
[2019-07-16 09:41:17,840] INFO[92L][9000]: ('18946594169', 关注成功,同步到服务器结果[True])
[2019-07-16 09:41:19,946] INFO[92L][9000]: ('18946594169', 关注[1275337764]成功)
[2019-07-16 09:41:20,050] INFO[92L][9000]: ('18946594169', 关注成功,同步到服务器结果[True])
[2019-07-16 09:41:23,657] INFO[92L][9000]: ('15143985539', {"retcode": "0", "ticket": "ST-NzIxMzU1ODk1Mw==-1563241282-yf-C3374D73E9438C150FB9959D95A2FDE6-1", "uid": "7213558953", "nick": "用户7213558953"})
[2019-07-16 09:41:23,659] INFO[92L][9000]: ('15143985539', 登录成功)
[2019-07-16 09:41:26,532] INFO[92L][9000]: ('15143985539', 头像上传成功)
[2019-07-16 09:41:30,443] INFO[92L][9000]: ('15143985539', 关注[6319208975]成功)
[2019-07-16 09:41:30,534] INFO[92L][9000]: ('15143985539', 关注成功,同步到服务器结果[True])
[2019-07-16 09:41:33,937] INFO[92L][6784]: ('15269797480', {"retcode": "0", "ticket": "ST-NzE4MTA0NTIzNA==-1563241292-gz-AFC7767C9687AE43841AB0AA996A6532-1", "uid": "7181045234", "nick": "用户7181045234"})
[2019-07-16 09:41:33,938] INFO[92L][6784]: ('15269797480', 登录成功)
[2019-07-16 09:41:37,666] INFO[92L][9000]: ('15143985539', 关注[1870021300]成功)
[2019-07-16 09:41:37,739] INFO[92L][9000]: ('15143985539', 关注成功,同步到服务器结果[True])
[2019-07-16 09:41:40,936] INFO[92L][9000]: ('15143985539', 关注[1973771973]成功)
[2019-07-16 09:41:41,032] INFO[92L][9000]: ('15143985539', 关注成功,同步到服务器结果[True])
[2019-07-16 09:41:44,528] INFO[92L][9000]: ('15143985539', 关注[6068133006]成功)
[2019-07-16 09:41:44,629] INFO[92L][9000]: ('15143985539', 关注成功,同步到服务器结果[True])
[2019-07-16 09:42:11,344] INFO[92L][9000]: ('15143985539', 关注[6599617841]成功)
[2019-07-16 09:42:11,418] INFO[92L][9000]: ('15143985539', 关注成功,同步到服务器结果[True])
[2019-07-16 09:42:14,582] INFO[92L][9000]: ('13008571756', {"retcode": "0", "ticket": "ST-NzIxMzU1ODkzMQ==-1563241333-tc-87EEE8CEC443E257404DE199EBA17013-1", "uid": "7213558931", "nick": "用户7213558931"})
[2019-07-16 09:42:14,583] INFO[92L][9000]: ('13008571756', 登录成功)
[2019-07-16 09:42:16,264] INFO[92L][9000]: ('13008571756', 头像上传成功)
[2019-07-16 09:42:17,594] INFO[92L][9000]: ('13008571756', 关注[6071429199]成功)
[2019-07-16 09:42:17,694] INFO[92L][9000]: ('13008571756', 关注成功,同步到服务器结果[True])
[2019-07-16 09:42:19,839] INFO[92L][9000]: ('13008571756', 关注[5720903646]成功)
[2019-07-16 09:42:19,924] INFO[92L][9000]: ('13008571756', 关注成功,同步到服务器结果[True])
[2019-07-16 09:42:22,445] INFO[92L][9000]: ('13008571756', 关注[5015211206]成功)
[2019-07-16 09:42:22,542] INFO[92L][9000]: ('13008571756', 关注成功,同步到服务器结果[True])
[2019-07-16 09:42:25,460] INFO[92L][9000]: ('13008571756', 关注[3052164475]成功)
[2019-07-16 09:42:25,554] INFO[92L][9000]: ('13008571756', 关注成功,同步到服务器结果[True])
[2019-07-16 09:42:28,192] INFO[92L][9000]: ('13008571756', 关注[2867617412]成功)
[2019-07-16 09:42:28,272] INFO[92L][9000]: ('13008571756', 关注成功,同步到服务器结果[True])
[2019-07-16 09:42:32,375] INFO[92L][9000]: ('18078193209', {"retcode": "0", "ticket": "ST-NzIxMzU1ODkyOQ==-1563241351-tc-A401D2EEBF89BF2FECEA3F6CCCF3F3D5-1", "uid": "7213558929", "nick": "用户7213558929"})
[2019-07-16 09:42:32,378] INFO[92L][9000]: ('18078193209', 登录成功)
[2019-07-16 09:42:34,421] INFO[92L][9000]: ('18078193209', 头像上传成功)
[2019-07-16 09:42:36,586] INFO[92L][9000]: ('18078193209', 关注[2818259330]成功)
[2019-07-16 09:42:36,689] INFO[92L][9000]: ('18078193209', 关注成功,同步到服务器结果[True])
[2019-07-16 09:42:39,272] INFO[92L][9000]: ('18078193209', 关注[6586569821]成功)
[2019-07-16 09:42:39,369] INFO[92L][9000]: ('18078193209', 关注成功,同步到服务器结果[True])
[2019-07-16 09:42:42,524] INFO[92L][9000]: ('18078193209', 关注[6451505989]成功)
[2019-07-16 09:42:42,599] INFO[92L][9000]: ('18078193209', 关注成功,同步到服务器结果[True])
[2019-07-16 09:42:47,005] INFO[92L][10664]: ('15269797480', {"retcode": "0", "ticket": "ST-NzE4MTA0NTIzNA==-1563241366-gz-92000AC4FD15B172513A84B74334B73C-1", "uid": "7181045234", "nick": "用户7181045234"})
[2019-07-16 09:42:47,008] INFO[92L][10664]: ('15269797480', 登录成功)
[2019-07-16 09:42:47,055] INFO[92L][9000]: ('18078193209', 关注[2079651001]成功)
[2019-07-16 09:42:47,143] INFO[92L][9000]: ('18078193209', 关注成功,同步到服务器结果[True])
[2019-07-16 09:42:50,522] INFO[92L][9000]: ('18078193209', 关注[6886115717]成功)
[2019-07-16 09:42:50,628] INFO[92L][9000]: ('18078193209', 关注成功,同步到服务器结果[True])
[2019-07-16 09:42:55,402] INFO[92L][9000]: ('13720272271', {"retcode": "0", "ticket": "ST-NzIxMzU1ODkxMw==-1563241374-gz-0B82FDEF6EB3EAB4E63FEF8B2F141F91-1", "uid": "7213558913", "nick": "用户7213558913"})
[2019-07-16 09:42:55,405] INFO[92L][9000]: ('13720272271', 登录成功)
[2019-07-16 09:42:57,339] INFO[92L][9000]: ('13720272271', 头像上传成功)
[2019-07-16 09:42:58,598] INFO[92L][9000]: ('13720272271', 关注[6336685778]成功)
[2019-07-16 09:42:58,708] INFO[92L][9000]: ('13720272271', 关注成功,同步到服务器结果[True])
[2019-07-16 09:43:00,674] INFO[92L][9000]: ('13720272271', 关注[2356073617]成功)
[2019-07-16 09:43:00,759] INFO[92L][9000]: ('13720272271', 关注成功,同步到服务器结果[True])
[2019-07-16 09:43:03,127] INFO[92L][9000]: ('13720272271', 关注[7215174725]成功)
[2019-07-16 09:43:03,206] INFO[92L][9000]: ('13720272271', 关注成功,同步到服务器结果[True])
[2019-07-16 09:43:05,673] INFO[92L][9000]: ('13720272271', 关注[1653426154]成功)
[2019-07-16 09:43:05,746] INFO[92L][9000]: ('13720272271', 关注成功,同步到服务器结果[True])
[2019-07-16 09:43:08,355] INFO[92L][9000]: ('13720272271', 关注[3886205466]成功)
[2019-07-16 09:43:08,433] INFO[92L][9000]: ('13720272271', 关注成功,同步到服务器结果[True])
[2019-07-16 09:43:17,112] INFO[92L][9000]: ('13354380922', {"retcode": "0", "ticket": "ST-NzIxMjk5NTQ3OA==-1563241396-gz-7C408A104263C7125C4B8F73E5A31590-1", "uid": "7212995478", "nick": "用户7212995478"})
[2019-07-16 09:43:17,114] INFO[92L][9000]: ('13354380922', 登录成功)
[2019-07-16 09:43:20,102] INFO[92L][9000]: ('13354380922', 头像上传成功)
[2019-07-16 09:43:24,422] INFO[92L][9000]: ('13354380922', 关注[1887884637]成功)
[2019-07-16 09:43:24,511] INFO[92L][9000]: ('13354380922', 关注成功,同步到服务器结果[True])
[2019-07-16 09:43:32,935] INFO[92L][9000]: ('13354380922', 关注[7102037365]成功)
[2019-07-16 09:43:33,002] INFO[92L][9000]: ('13354380922', 关注成功,同步到服务器结果[True])
[2019-07-16 09:43:35,900] INFO[92L][9000]: ('13354380922', 关注[5608055910]成功)
[2019-07-16 09:43:35,974] INFO[92L][9000]: ('13354380922', 关注成功,同步到服务器结果[True])
[2019-07-16 09:43:40,716] INFO[92L][9000]: ('13354380922', 关注[2809456571]成功)
[2019-07-16 09:43:40,819] INFO[92L][9000]: ('13354380922', 关注成功,同步到服务器结果[True])
[2019-07-16 09:43:44,236] INFO[92L][9000]: ('13354380922', 关注[5720903646]成功)
[2019-07-16 09:43:44,329] INFO[92L][9000]: ('13354380922', 关注成功,同步到服务器结果[True])
[2019-07-16 09:43:49,405] INFO[92L][9000]: ('18946512396', {"retcode": "0", "ticket": "ST-NzIxMjk5NTQ2Nw==-1563241428-yf-CF46293E3A6BC746F41FE5AE283E4A7B-1", "uid": "7212995467", "nick": "用户7212995467"})
[2019-07-16 09:43:49,407] INFO[92L][9000]: ('18946512396', 登录成功)
[2019-07-16 09:43:52,500] INFO[92L][9000]: ('18946512396', 头像上传成功)
[2019-07-16 09:43:58,041] INFO[92L][9000]: ('18946512396', 关注[5987021758]成功)
[2019-07-16 09:43:58,136] INFO[122L][3984]:  * Running on http://127.0.0.1:5000/ (Press CTRL+C to quit)
[2019-07-16 09:43:58,137] INFO[92L][9000]: ('18946512396', 关注成功,同步到服务器结果[True])
[2019-07-16 09:44:06,129] INFO[122L][4884]:  * Running on http://127.0.0.1:5000/ (Press CTRL+C to quit)
[2019-07-16 09:44:11,548] INFO[122L][3424]: 127.0.0.1 - - [16/Jul/2019 09:44:11] "GET /run/1 HTTP/1.1" 200 -
[2019-07-16 09:44:23,867] INFO[122L][8468]: 127.0.0.1 - - [16/Jul/2019 09:44:23] "GET /run/1 HTTP/1.1" 200 -
[2019-07-16 09:44:32,323] INFO[92L][9000]: ('18946512396', 关注[7193466488]成功)
[2019-07-16 09:44:32,393] INFO[92L][9000]: ('18946512396', 关注成功,同步到服务器结果[True])
[2019-07-16 09:44:34,767] INFO[92L][9000]: ('18946512396', 关注[3887040268]成功)
[2019-07-16 09:44:34,865] INFO[92L][9000]: ('18946512396', 关注成功,同步到服务器结果[True])
[2019-07-16 09:44:44,064] INFO[92L][9000]: ('18946512396', 关注[7236431850]成功)
[2019-07-16 09:44:44,139] INFO[92L][9000]: ('18946512396', 关注成功,同步到服务器结果[True])
[2019-07-16 09:44:48,172] INFO[92L][9000]: ('18946512396', 关注[3420147162]成功)
[2019-07-16 09:44:48,274] INFO[92L][9000]: ('18946512396', 关注成功,同步到服务器结果[True])
[2019-07-16 09:44:52,744] INFO[92L][9000]: ('15100043893', {"retcode": "0", "ticket": "ST-NzIxMjk5NTQ0NQ==-1563241491-gz-65C0B0430F90A4BAB52BD7679A3B3F86-1", "uid": "7212995445", "nick": "用户7212995445"})
[2019-07-16 09:44:52,746] INFO[92L][9000]: ('15100043893', 登录成功)
[2019-07-16 09:44:56,266] INFO[92L][9000]: ('15100043893', 头像上传成功)
[2019-07-16 09:44:59,429] INFO[92L][9000]: ('15100043893', 关注[1661525847]成功)
[2019-07-16 09:44:59,537] INFO[92L][9000]: ('15100043893', 关注成功,同步到服务器结果[True])
[2019-07-16 09:45:05,165] INFO[92L][9000]: ('15100043893', 关注[6199587804]成功)
[2019-07-16 09:45:05,260] INFO[92L][9000]: ('15100043893', 关注成功,同步到服务器结果[True])
[2019-07-16 09:45:08,537] INFO[92L][9000]: ('15100043893', 关注[5836246603]成功)
[2019-07-16 09:45:08,628] INFO[92L][9000]: ('15100043893', 关注成功,同步到服务器结果[True])
[2019-07-16 09:45:12,330] INFO[92L][9000]: ('15100043893', 关注[3891822494]成功)
[2019-07-16 09:45:12,414] INFO[92L][9000]: ('15100043893', 关注成功,同步到服务器结果[True])
[2019-07-16 09:45:14,520] INFO[92L][9000]: ('15100043893', 关注[7236221976]成功)
[2019-07-16 09:45:14,592] INFO[92L][9000]: ('15100043893', 关注成功,同步到服务器结果[True])
[2019-07-16 09:45:19,312] INFO[92L][9000]: ('13199199128', {"retcode": "0", "ticket": "ST-NzIxMjk5NTQxOA==-1563241518-gz-C321AD46A1DAAE3E2607AEF39BA0E622-1", "uid": "7212995418", "nick": "用户7212995418"})
[2019-07-16 09:45:19,314] INFO[92L][9000]: ('13199199128', 登录成功)
[2019-07-16 09:45:21,406] INFO[92L][9000]: ('13199199128', 头像上传成功)
[2019-07-16 09:45:23,293] INFO[92L][9000]: ('13199199128', 关注[5323721082]成功)
[2019-07-16 09:45:23,400] INFO[92L][9000]: ('13199199128', 关注成功,同步到服务器结果[True])
[2019-07-16 09:45:25,594] INFO[92L][9000]: ('13199199128', 关注[5720903646]成功)
[2019-07-16 09:45:25,679] INFO[92L][9000]: ('13199199128', 关注成功,同步到服务器结果[True])
[2019-07-16 09:45:28,454] INFO[92L][9000]: ('13199199128', 关注[1660464335]成功)
[2019-07-16 09:45:28,539] INFO[92L][9000]: ('13199199128', 关注成功,同步到服务器结果[True])
[2019-07-16 09:45:31,318] INFO[92L][9000]: ('13199199128', 关注[6602603708]成功)
[2019-07-16 09:45:31,422] INFO[92L][9000]: ('13199199128', 关注成功,同步到服务器结果[True])
[2019-07-16 09:45:33,919] INFO[92L][9000]: ('13199199128', 关注[2535129153]成功)
[2019-07-16 09:45:34,004] INFO[92L][9000]: ('13199199128', 关注成功,同步到服务器结果[True])
[2019-07-16 09:45:37,171] INFO[92L][9000]: ('18309484591', {"retcode": "0", "ticket": "ST-NzIxMzU1ODg2Mw==-1563241536-yf-2A4A23793AFEA0584B7E4B4FCF3CF407-1", "uid": "7213558863", "nick": "用户7213558863"})
[2019-07-16 09:45:37,174] INFO[92L][9000]: ('18309484591', 登录成功)
[2019-07-16 09:45:39,154] INFO[92L][9000]: ('18309484591', 头像上传成功)
[2019-07-16 09:45:40,740] INFO[92L][9000]: ('18309484591', 关注[1891141272]成功)
[2019-07-16 09:45:40,825] INFO[92L][9000]: ('18309484591', 关注成功,同步到服务器结果[True])
[2019-07-16 09:45:44,589] INFO[92L][9000]: ('18309484591', 关注[1653426154]成功)
[2019-07-16 09:45:44,674] INFO[92L][9000]: ('18309484591', 关注成功,同步到服务器结果[True])
[2019-07-16 09:45:48,484] INFO[92L][9000]: ('18309484591', 关注[1887884637]成功)
[2019-07-16 09:45:48,592] INFO[92L][9000]: ('18309484591', 关注成功,同步到服务器结果[True])
[2019-07-16 09:45:52,047] INFO[92L][9000]: ('18309484591', 关注[1497475493]成功)
[2019-07-16 09:45:52,149] INFO[92L][9000]: ('18309484591', 关注成功,同步到服务器结果[True])
[2019-07-16 09:45:55,059] INFO[92L][9000]: ('18309484591', 关注[6886115717]成功)
[2019-07-16 09:45:55,157] INFO[92L][9000]: ('18309484591', 关注成功,同步到服务器结果[True])
[2019-07-16 09:46:10,708] INFO[92L][9000]: ('18140951361', {"retcode": "0", "ticket": "ST-NzIxMjk5NTQzNQ==-1563241569-gz-A32690CF393A1DE644B8976169E376D4-1", "uid": "7212995435", "nick": "用户7212995435"})
[2019-07-16 09:46:10,709] INFO[92L][9000]: ('18140951361', 登录成功)
[2019-07-16 09:46:12,796] INFO[92L][9000]: ('18140951361', 头像上传成功)
[2019-07-16 09:46:17,643] INFO[92L][9000]: ('18140951361', 关注[5187812236]成功)
[2019-07-16 09:46:17,715] INFO[92L][9000]: ('18140951361', 关注成功,同步到服务器结果[True])
[2019-07-16 09:46:21,419] INFO[92L][9000]: ('18140951361', 关注[2830110242]成功)
[2019-07-16 09:46:21,554] INFO[92L][9000]: ('18140951361', 关注成功,同步到服务器结果[True])
[2019-07-16 09:46:24,127] INFO[92L][9000]: ('18140951361', 关注[2135106304]成功)
[2019-07-16 09:46:24,230] INFO[92L][9000]: ('18140951361', 关注成功,同步到服务器结果[True])
[2019-07-16 09:46:26,998] INFO[92L][9000]: ('18140951361', 关注[5991127406]成功)
[2019-07-16 09:46:27,083] INFO[92L][9000]: ('18140951361', 关注成功,同步到服务器结果[True])
[2019-07-16 09:46:34,026] INFO[92L][9000]: ('18140951361', 关注[6859500948]成功)
[2019-07-16 09:46:34,102] INFO[92L][9000]: ('18140951361', 关注成功,同步到服务器结果[True])
[2019-07-16 09:46:41,690] INFO[92L][9000]: ('15844690416', {"retcode": "2070", "reason": "输入的验证码不正确"})
[2019-07-16 09:46:43,853] INFO[92L][9000]: ('15844690416', {"retcode": "0", "ticket": "ST-NzIxMzU1ODg1NA==-1563241602-gz-E22EEA0ADFC52EDD55A074C2FB423779-1", "uid": "7213558854", "nick": "用户7213558854"})
[2019-07-16 09:46:43,854] INFO[92L][9000]: ('15844690416', 登录成功)
[2019-07-16 09:46:45,944] INFO[92L][9000]: ('15844690416', 头像上传成功)
[2019-07-16 09:46:47,466] INFO[92L][9000]: ('15844690416', 关注[6071429199]成功)
[2019-07-16 09:46:47,568] INFO[92L][9000]: ('15844690416', 关注成功,同步到服务器结果[True])
[2019-07-16 09:46:50,055] INFO[92L][9000]: ('15844690416', 关注[1765700464]成功)
[2019-07-16 09:46:50,149] INFO[92L][9000]: ('15844690416', 关注成功,同步到服务器结果[True])
[2019-07-16 09:46:52,610] INFO[92L][9000]: ('15844690416', 关注[2818259330]成功)
[2019-07-16 09:46:52,710] INFO[92L][9000]: ('15844690416', 关注成功,同步到服务器结果[True])
[2019-07-16 09:46:55,472] INFO[92L][9000]: ('15844690416', 关注[7102037365]成功)
[2019-07-16 09:46:55,560] INFO[92L][9000]: ('15844690416', 关注成功,同步到服务器结果[True])
[2019-07-16 09:46:58,260] INFO[92L][9000]: ('15844690416', 关注[3052164475]成功)
[2019-07-16 09:46:58,332] INFO[92L][9000]: ('15844690416', 关注成功,同步到服务器结果[True])
[2019-07-16 09:47:12,899] INFO[92L][9000]: ('18073265899', {"retcode": "0", "ticket": "ST-NzIxMzU1ODg0NQ==-1563241631-yf-FF6786FDC84FBEE1E564E84DF660FD52-1", "uid": "7213558845", "nick": "用户7213558845"})
[2019-07-16 09:47:12,902] INFO[92L][9000]: ('18073265899', 登录成功)
[2019-07-16 09:47:25,282] INFO[92L][9000]: ('18073265899', 头像上传成功)
[2019-07-16 09:47:27,297] INFO[92L][9000]: ('18073265899', 关注[3886205466]成功)
[2019-07-16 09:47:27,400] INFO[92L][9000]: ('18073265899', 关注成功,同步到服务器结果[True])
[2019-07-16 09:47:30,688] INFO[92L][9000]: ('18073265899', 关注[1653426154]成功)
[2019-07-16 09:47:30,762] INFO[92L][9000]: ('18073265899', 关注成功,同步到服务器结果[True])
[2019-07-16 09:47:35,019] INFO[92L][9000]: ('18073265899', 关注[1661685383]成功)
[2019-07-16 09:47:35,126] INFO[92L][9000]: ('18073265899', 关注成功,同步到服务器结果[True])
[2019-07-16 09:47:41,672] INFO[92L][9000]: ('18073265899', 关注[6199587804]成功)
[2019-07-16 09:47:41,777] INFO[92L][9000]: ('18073265899', 关注成功,同步到服务器结果[True])
[2019-07-16 09:48:02,784] INFO[92L][9000]: ('18073265899', 关注[2656432094]成功)
[2019-07-16 09:48:02,902] INFO[92L][9000]: ('18073265899', 关注成功,同步到服务器结果[True])
[2019-07-16 09:48:08,750] INFO[92L][9000]: ('17359008259', {"retcode": "0", "ticket": "ST-NzIxMzU1ODg0NA==-1563241687-gz-22344758644673547B5101F2C4670449-1", "uid": "7213558844", "nick": "用户7213558844"})
[2019-07-16 09:48:08,752] INFO[92L][9000]: ('17359008259', 登录成功)
[2019-07-16 09:48:10,655] INFO[92L][9000]: ('17359008259', 头像上传成功)
[2019-07-16 09:48:13,428] INFO[92L][9000]: ('17359008259', 关注[7234088557]成功)
[2019-07-16 09:48:13,522] INFO[92L][9000]: ('17359008259', 关注成功,同步到服务器结果[True])
[2019-07-16 09:48:19,064] INFO[92L][9000]: ('17359008259', 关注[6070983056]成功)
[2019-07-16 09:48:19,169] INFO[92L][9000]: ('17359008259', 关注成功,同步到服务器结果[True])
[2019-07-16 09:48:22,730] INFO[92L][9000]: ('17359008259', 关注[1664378661]成功)
[2019-07-16 09:48:22,801] INFO[92L][9000]: ('17359008259', 关注成功,同步到服务器结果[True])
[2019-07-16 09:48:25,687] INFO[92L][9000]: ('17359008259', 关注[2867617412]成功)
[2019-07-16 09:48:25,782] INFO[92L][9000]: ('17359008259', 关注成功,同步到服务器结果[True])
[2019-07-16 09:48:28,299] INFO[92L][9000]: ('17359008259', 关注[1661525847]成功)
[2019-07-16 09:48:28,395] INFO[92L][9000]: ('17359008259', 关注成功,同步到服务器结果[True])
[2019-07-16 09:49:03,875] INFO[92L][9000]: ('15929837752', {"retcode": "0", "ticket": "ST-NzIxMzU1ODgyOA==-1563241742-yf-81238181ED8B3A25DE7E0128C98B2266-1", "uid": "7213558828", "nick": "用户7213558828"})
[2019-07-16 09:49:03,877] INFO[92L][9000]: ('15929837752', 登录成功)
[2019-07-16 09:49:05,629] INFO[92L][9000]: ('15929837752', 头像上传成功)
[2019-07-16 09:49:06,635] INFO[92L][9000]: ('15929837752', 关注[6522641736]成功)
[2019-07-16 09:49:06,708] INFO[92L][9000]: ('15929837752', 关注成功,同步到服务器结果[True])
[2019-07-16 09:49:17,359] INFO[92L][9000]: ('15929837752', 关注[1699432410]成功)
[2019-07-16 09:49:17,455] INFO[92L][9000]: ('15929837752', 关注成功,同步到服务器结果[True])
[2019-07-16 09:49:19,793] INFO[92L][9000]: ('15929837752', 关注[5910304463]成功)
[2019-07-16 09:49:19,887] INFO[92L][9000]: ('15929837752', 关注成功,同步到服务器结果[True])
[2019-07-16 09:49:52,399] INFO[92L][9000]: ('15929837752', 关注[2830051462]成功)
[2019-07-16 09:49:52,493] INFO[92L][9000]: ('15929837752', 关注成功,同步到服务器结果[True])
[2019-07-16 09:49:55,429] INFO[92L][9000]: ('15929837752', 关注[2356107293]成功)
[2019-07-16 09:49:55,518] INFO[92L][9000]: ('15929837752', 关注成功,同步到服务器结果[True])
[2019-07-16 09:49:59,671] INFO[92L][9000]: ('18272178443', {"retcode": "0", "ticket": "ST-NzIxMzU1ODgzOQ==-1563241798-yf-5F285AE5CAB7DD1E0AEFC0F9BA7500FF-1", "uid": "7213558839", "nick": "用户7213558839"})
[2019-07-16 09:49:59,673] INFO[92L][9000]: ('18272178443', 登录成功)
[2019-07-16 09:50:01,400] INFO[92L][9000]: ('18272178443', 头像上传成功)
[2019-07-16 09:50:02,497] INFO[92L][9000]: ('18272178443', 关注[2829962964]成功)
[2019-07-16 09:50:02,593] INFO[92L][9000]: ('18272178443', 关注成功,同步到服务器结果[True])
[2019-07-16 09:50:06,034] INFO[92L][9000]: ('18272178443', 关注[3119067673]成功)
[2019-07-16 09:50:06,152] INFO[92L][9000]: ('18272178443', 关注成功,同步到服务器结果[True])
[2019-07-16 09:50:09,161] INFO[92L][9000]: ('18272178443', 关注[1650444322]成功)
[2019-07-16 09:50:09,256] INFO[92L][9000]: ('18272178443', 关注成功,同步到服务器结果[True])
[2019-07-16 09:50:11,868] INFO[92L][9000]: ('18272178443', 关注[5784437637]成功)
[2019-07-16 09:50:11,978] INFO[92L][9000]: ('18272178443', 关注成功,同步到服务器结果[True])
[2019-07-16 09:50:14,540] INFO[92L][9000]: ('18272178443', 关注[7111211950]成功)
[2019-07-16 09:50:14,635] INFO[92L][9000]: ('18272178443', 关注成功,同步到服务器结果[True])
[2019-07-16 09:50:17,790] INFO[92L][9000]: ('18833667947', {"retcode": "0", "ticket": "ST-NzIxMjk5NTQxNA==-1563241816-yf-7C3641CABA7D040E890A2281CC489D3B-1", "uid": "7212995414", "nick": "用户7212995414"})
[2019-07-16 09:50:17,791] INFO[92L][9000]: ('18833667947', 登录成功)
[2019-07-16 09:50:19,142] INFO[92L][9000]: ('18833667947', 头像上传成功)
[2019-07-16 09:50:20,441] INFO[92L][9000]: ('18833667947', 关注[6253258309]成功)
[2019-07-16 09:50:20,531] INFO[92L][9000]: ('18833667947', 关注成功,同步到服务器结果[True])
[2019-07-16 09:50:22,617] INFO[92L][9000]: ('18833667947', 关注[1497475493]成功)
[2019-07-16 09:50:22,691] INFO[92L][9000]: ('18833667947', 关注成功,同步到服务器结果[True])
[2019-07-16 09:50:24,969] INFO[92L][9000]: ('18833667947', 关注[6616900395]成功)
[2019-07-16 09:50:25,047] INFO[92L][9000]: ('18833667947', 关注成功,同步到服务器结果[True])
[2019-07-16 09:50:27,378] INFO[92L][9000]: ('18833667947', 关注[7169149878]成功)
[2019-07-16 09:50:27,484] INFO[92L][9000]: ('18833667947', 关注成功,同步到服务器结果[True])
[2019-07-16 09:50:29,487] INFO[92L][9000]: ('18833667947', 关注[6296965823]成功)
[2019-07-16 09:50:29,581] INFO[92L][9000]: ('18833667947', 关注成功,同步到服务器结果[True])
[2019-07-16 09:50:46,126] INFO[92L][9000]: ('13629391868', {"retcode": "0", "ticket": "ST-NzIxMjk5NTQwNQ==-1563241845-yf-42B5CDA374B867586B444E62A18C864D-1", "uid": "7212995405", "nick": "用户7212995405"})
[2019-07-16 09:50:46,127] INFO[92L][9000]: ('13629391868', 登录成功)
[2019-07-16 09:50:47,715] INFO[92L][9000]: ('13629391868', 头像上传成功)
[2019-07-16 09:50:48,757] INFO[92L][9000]: ('13629391868', 关注[2356073617]成功)
[2019-07-16 09:50:48,850] INFO[92L][9000]: ('13629391868', 关注成功,同步到服务器结果[True])
[2019-07-16 09:50:54,242] INFO[92L][9000]: ('13629391868', 关注[1660908225]成功)
[2019-07-16 09:50:54,341] INFO[92L][9000]: ('13629391868', 关注成功,同步到服务器结果[True])
[2019-07-16 09:50:56,597] INFO[92L][9000]: ('13629391868', 关注[2079651001]成功)
[2019-07-16 09:50:56,696] INFO[92L][9000]: ('13629391868', 关注成功,同步到服务器结果[True])
[2019-07-16 09:50:58,813] INFO[92L][9000]: ('13629391868', 关注[6113241813]成功)
[2019-07-16 09:50:58,930] INFO[92L][9000]: ('13629391868', 关注成功,同步到服务器结果[True])
[2019-07-16 09:51:01,612] INFO[92L][9000]: ('13629391868', 关注[1650437745]成功)
[2019-07-16 09:51:01,728] INFO[92L][9000]: ('13629391868', 关注成功,同步到服务器结果[True])
[2019-07-16 09:51:29,879] INFO[92L][9000]: ('15063496347', {"retcode": "0", "ticket": "ST-NzIxMzU1ODgxMw==-1563241888-gz-AD51298C226EE0DC68DECD112949FC27-1", "uid": "7213558813", "nick": "用户7213558813"})
[2019-07-16 09:51:29,880] INFO[92L][9000]: ('15063496347', 登录成功)
[2019-07-16 09:51:33,338] INFO[92L][9000]: ('15063496347', 头像上传成功)
[2019-07-16 09:51:36,447] INFO[92L][9000]: ('15063496347', 关注[7073091400]成功)
[2019-07-16 09:51:36,531] INFO[92L][9000]: ('15063496347', 关注成功,同步到服务器结果[True])
[2019-07-16 09:51:39,608] INFO[92L][9000]: ('15063496347', 关注[5881681818]成功)
[2019-07-16 09:51:39,679] INFO[92L][9000]: ('15063496347', 关注成功,同步到服务器结果[True])
[2019-07-16 09:51:43,707] INFO[92L][9000]: ('15063496347', 关注[6068133006]成功)
[2019-07-16 09:51:43,803] INFO[92L][9000]: ('15063496347', 关注成功,同步到服务器结果[True])
[2019-07-16 09:51:47,091] INFO[92L][9000]: ('15063496347', 关注[1312790773]成功)
[2019-07-16 09:51:47,177] INFO[92L][9000]: ('15063496347', 关注成功,同步到服务器结果[True])
[2019-07-16 09:51:49,671] INFO[92L][9000]: ('15063496347', 关注[7234499535]成功)
[2019-07-16 09:51:49,764] INFO[92L][9000]: ('15063496347', 关注成功,同步到服务器结果[True])
[2019-07-16 09:51:54,017] INFO[92L][9000]: ('17313674807', {"retcode": "0", "ticket": "ST-NzIxMjk5NTM5NQ==-1563241913-gz-5525A3D3DF76E733CA0A6CD880FF5A64-1", "uid": "7212995395", "nick": "用户7212995395"})
[2019-07-16 09:51:54,019] INFO[92L][9000]: ('17313674807', 登录成功)
[2019-07-16 09:51:55,635] INFO[92L][9000]: ('17313674807', 头像上传成功)
[2019-07-16 09:51:57,243] INFO[92L][9000]: ('17313674807', 关注[2809456571]成功)
[2019-07-16 09:51:57,343] INFO[92L][9000]: ('17313674807', 关注成功,同步到服务器结果[True])
[2019-07-16 09:52:00,251] INFO[92L][9000]: ('17313674807', 关注[5720903646]成功)
[2019-07-16 09:52:00,345] INFO[92L][9000]: ('17313674807', 关注成功,同步到服务器结果[True])
[2019-07-16 09:52:02,504] INFO[92L][9000]: ('17313674807', 关注[5645820513]成功)
[2019-07-16 09:52:02,572] INFO[92L][9000]: ('17313674807', 关注成功,同步到服务器结果[True])
[2019-07-16 09:52:05,374] INFO[92L][9000]: ('17313674807', 关注[5606187438]成功)
[2019-07-16 09:52:05,481] INFO[92L][9000]: ('17313674807', 关注成功,同步到服务器结果[True])
[2019-07-16 09:52:09,015] INFO[92L][9000]: ('17313674807', 关注[3961596191]成功)
[2019-07-16 09:52:09,106] INFO[92L][9000]: ('17313674807', 关注成功,同步到服务器结果[True])
[2019-07-16 09:52:18,037] INFO[92L][9000]: ('15987634669', {"retcode": "2070", "reason": "输入的验证码不正确"})
[2019-07-16 09:52:22,997] INFO[92L][9000]: ('15987634669', {"retcode": "2070", "reason": "输入的验证码不正确"})
[2019-07-16 09:52:23,901] INFO[92L][9000]: ('15987634669', {"retcode": "0", "ticket": "ST-NzIxMjk5NTM3NQ==-1563241942-yf-265E9110E914D4A3076AA813A1BBDC1E-1", "uid": "7212995375", "nick": "用户7212995375"})
[2019-07-16 09:52:23,902] INFO[92L][9000]: ('15987634669', 登录成功)
[2019-07-16 09:52:35,749] INFO[92L][9000]: ('15987634669', 头像上传成功)
[2019-07-16 09:52:36,811] INFO[92L][9000]: ('15987634669', 关注[3833070073]成功)
[2019-07-16 09:52:36,879] INFO[92L][9000]: ('15987634669', 关注成功,同步到服务器结果[True])
[2019-07-16 09:52:39,642] INFO[92L][9000]: ('15987634669', 关注[2751022473]成功)
[2019-07-16 09:52:39,716] INFO[92L][9000]: ('15987634669', 关注成功,同步到服务器结果[True])
[2019-07-16 09:52:42,047] INFO[92L][9000]: ('15987634669', 关注[6253258309]成功)
[2019-07-16 09:52:42,123] INFO[92L][9000]: ('15987634669', 关注成功,同步到服务器结果[True])
[2019-07-16 09:52:44,634] INFO[92L][9000]: ('15987634669', 关注[1661557430]成功)
[2019-07-16 09:52:44,720] INFO[92L][9000]: ('15987634669', 关注成功,同步到服务器结果[True])
[2019-07-16 09:52:47,017] INFO[92L][9000]: ('15987634669', 关注[7111211950]成功)
[2019-07-16 09:52:47,092] INFO[92L][9000]: ('15987634669', 关注成功,同步到服务器结果[True])
[2019-07-16 09:52:52,378] INFO[92L][9000]: ('18156991319', {"retcode": "0", "ticket": "ST-NzIxMjk5NTM2NA==-1563241971-gz-C3FE254F6479ECAE3707C5751644C1FA-1", "uid": "7212995364", "nick": "用户7212995364"})
[2019-07-16 09:52:52,381] INFO[92L][9000]: ('18156991319', 登录成功)
[2019-07-16 09:52:54,614] INFO[92L][9000]: ('18156991319', 头像上传成功)
[2019-07-16 09:52:57,202] INFO[92L][9000]: ('18156991319', 关注[6568655940]成功)
[2019-07-16 09:52:57,286] INFO[92L][9000]: ('18156991319', 关注成功,同步到服务器结果[True])
[2019-07-16 09:53:00,429] INFO[92L][9000]: ('18156991319', 关注[6602603708]成功)
[2019-07-16 09:53:00,534] INFO[92L][9000]: ('18156991319', 关注成功,同步到服务器结果[True])
[2019-07-16 09:53:04,040] INFO[92L][9000]: ('18156991319', 关注[2867617412]成功)
[2019-07-16 09:53:04,130] INFO[92L][9000]: ('18156991319', 关注成功,同步到服务器结果[True])
[2019-07-16 09:53:06,971] INFO[92L][9000]: ('18156991319', 关注[5608055910]成功)
[2019-07-16 09:53:07,078] INFO[92L][9000]: ('18156991319', 关注成功,同步到服务器结果[True])
[2019-07-16 09:53:10,899] INFO[92L][9000]: ('18156991319', 关注[6070983056]成功)
[2019-07-16 09:53:10,973] INFO[92L][9000]: ('18156991319', 关注成功,同步到服务器结果[True])
[2019-07-16 09:53:19,347] INFO[92L][9000]: ('13677064608', {"retcode": "0", "ticket": "ST-NzIxMjk5NTM2MQ==-1563241998-gz-01C162A3A7F5AEEE7591F874A87CA238-1", "uid": "7212995361", "nick": "用户7212995361"})
[2019-07-16 09:53:19,350] INFO[92L][9000]: ('13677064608', 登录成功)
[2019-07-16 09:53:21,826] INFO[92L][9000]: ('13677064608', 头像上传成功)
[2019-07-16 09:53:27,679] INFO[92L][9000]: ('13677064608', 关注[2107016115]成功)
[2019-07-16 09:53:27,753] INFO[92L][9000]: ('13677064608', 关注成功,同步到服务器结果[True])
[2019-07-16 09:53:30,714] INFO[92L][9000]: ('13677064608', 关注[5943051743]成功)
[2019-07-16 09:53:30,786] INFO[92L][9000]: ('13677064608', 关注成功,同步到服务器结果[True])
[2019-07-16 09:53:41,554] INFO[92L][9000]: ('13677064608', 关注[3093159643]成功)
[2019-07-16 09:53:41,628] INFO[92L][9000]: ('13677064608', 关注成功,同步到服务器结果[True])
[2019-07-16 09:53:45,603] INFO[92L][9000]: ('13677064608', 关注[5987021758]成功)
[2019-07-16 09:53:45,679] INFO[92L][9000]: ('13677064608', 关注成功,同步到服务器结果[True])
[2019-07-16 09:53:50,848] INFO[92L][9000]: ('13677064608', 关注[1497475493]成功)
[2019-07-16 09:53:50,934] INFO[92L][9000]: ('13677064608', 关注成功,同步到服务器结果[True])
[2019-07-16 09:53:56,072] INFO[92L][9000]: ('15262847696', {"retcode": "0", "ticket": "ST-NzIxMjk5NTM2MA==-1563242035-gz-D27FF6842B816B154C23A2176157FFBE-1", "uid": "7212995360", "nick": "用户7212995360"})
[2019-07-16 09:53:56,075] INFO[92L][9000]: ('15262847696', 登录成功)
[2019-07-16 09:53:58,482] INFO[92L][9000]: ('15262847696', 头像上传成功)
[2019-07-16 09:54:05,071] INFO[92L][9000]: ('15262847696', 关注[7102037365]成功)
[2019-07-16 09:54:05,145] INFO[92L][9000]: ('15262847696', 关注成功,同步到服务器结果[True])
[2019-07-16 09:54:07,967] INFO[92L][9000]: ('15262847696', 关注[1660464335]成功)
[2019-07-16 09:54:08,039] INFO[92L][9000]: ('15262847696', 关注成功,同步到服务器结果[True])
[2019-07-16 09:54:10,341] INFO[92L][9000]: ('15262847696', 关注[6568655940]成功)
[2019-07-16 09:54:10,435] INFO[92L][9000]: ('15262847696', 关注成功,同步到服务器结果[True])
[2019-07-16 09:54:13,050] INFO[92L][9000]: ('15262847696', 关注[7049345996]成功)
[2019-07-16 09:54:13,157] INFO[92L][9000]: ('15262847696', 关注成功,同步到服务器结果[True])
[2019-07-16 09:54:16,130] INFO[92L][9000]: ('15262847696', 关注[5822974562]成功)
[2019-07-16 09:54:16,231] INFO[92L][9000]: ('15262847696', 关注成功,同步到服务器结果[True])
[2019-07-16 09:54:22,134] INFO[92L][9000]: ('15082165974', {"retcode": "2070", "reason": "输入的验证码不正确"})
[2019-07-16 09:54:23,581] INFO[92L][9000]: ('15082165974', {"retcode": "0", "ticket": "ST-NzIxMzU1ODc3Mw==-1563242062-yf-6D61266D05C77BA33B2D151F908896C8-1", "uid": "7213558773", "nick": "用户7213558773"})
[2019-07-16 09:54:23,582] INFO[92L][9000]: ('15082165974', 登录成功)
[2019-07-16 09:54:29,442] INFO[92L][9000]: ('15082165974', 头像上传成功)
[2019-07-16 09:54:31,791] INFO[92L][9000]: ('15082165974', 关注[5784437637]成功)
[2019-07-16 09:54:31,883] INFO[92L][9000]: ('15082165974', 关注成功,同步到服务器结果[True])
[2019-07-16 09:54:35,854] INFO[92L][9000]: ('15082165974', 关注[3731076297]成功)
[2019-07-16 09:54:35,927] INFO[92L][9000]: ('15082165974', 关注成功,同步到服务器结果[True])
[2019-07-16 09:54:39,822] INFO[92L][9000]: ('15082165974', 关注[5687856301]成功)
[2019-07-16 09:54:39,895] INFO[92L][9000]: ('15082165974', 关注成功,同步到服务器结果[True])
[2019-07-16 09:54:43,840] INFO[92L][9000]: ('15082165974', 关注[6223867911]成功)
[2019-07-16 09:54:43,924] INFO[92L][9000]: ('15082165974', 关注成功,同步到服务器结果[True])
[2019-07-16 09:54:48,995] INFO[92L][9000]: ('15082165974', 关注[6595768367]成功)
[2019-07-16 09:54:49,099] INFO[92L][9000]: ('15082165974', 关注成功,同步到服务器结果[True])
[2019-07-16 09:54:54,038] INFO[92L][9000]: ('13850658614', {"retcode": "0", "ticket": "ST-NzIxMjk5NTMxNg==-1563242093-gz-4136F3E0B11E5888C917121E1AE17C15-1", "uid": "7212995316", "nick": "用户7212995316"})
[2019-07-16 09:54:54,039] INFO[92L][9000]: ('13850658614', 登录成功)
[2019-07-16 09:54:57,025] INFO[92L][9000]: ('13850658614', 头像上传成功)
[2019-07-16 09:54:59,014] INFO[92L][9000]: ('13850658614', 关注[5015211206]成功)
[2019-07-16 09:54:59,102] INFO[92L][9000]: ('13850658614', 关注成功,同步到服务器结果[True])
[2019-07-16 09:55:04,218] INFO[92L][9000]: ('13850658614', 关注[1973771973]成功)
[2019-07-16 09:55:04,318] INFO[92L][9000]: ('13850658614', 关注成功,同步到服务器结果[True])
[2019-07-16 09:55:06,488] INFO[92L][9000]: ('13850658614', 关注[7209614609]成功)
[2019-07-16 09:55:06,572] INFO[92L][9000]: ('13850658614', 关注成功,同步到服务器结果[True])
[2019-07-16 09:55:09,737] INFO[92L][9000]: ('13850658614', 关注[3166033987]成功)
[2019-07-16 09:55:09,803] INFO[92L][9000]: ('13850658614', 关注成功,同步到服务器结果[True])
[2019-07-16 09:55:54,448] INFO[92L][9000]: ('13850658614', 关注[5943051743]成功)
[2019-07-16 09:55:54,543] INFO[92L][9000]: ('13850658614', 关注成功,同步到服务器结果[True])
[2019-07-16 09:55:58,961] INFO[92L][9000]: ('15227386296', {"retcode": "0", "ticket": "ST-NzIxMjk5NTI5NQ==-1563242157-gz-37D07B916676A83445D4F5E55D01D907-1", "uid": "7212995295", "nick": "用户7212995295"})
[2019-07-16 09:55:58,963] INFO[92L][9000]: ('15227386296', 登录成功)
[2019-07-16 09:56:00,613] INFO[92L][9000]: ('15227386296', 头像上传成功)
[2019-07-16 09:56:02,112] INFO[92L][9000]: ('15227386296', 关注[5822974562]成功)
[2019-07-16 09:56:02,208] INFO[92L][9000]: ('15227386296', 关注成功,同步到服务器结果[True])
[2019-07-16 09:56:04,365] INFO[92L][9000]: ('15227386296', 关注[2818259330]成功)
[2019-07-16 09:56:04,458] INFO[92L][9000]: ('15227386296', 关注成功,同步到服务器结果[True])
[2019-07-16 09:56:10,506] INFO[92L][9000]: ('15227386296', 关注[2830027804]成功)
[2019-07-16 09:56:10,606] INFO[92L][9000]: ('15227386296', 关注成功,同步到服务器结果[True])
[2019-07-16 09:56:12,994] INFO[92L][9000]: ('15227386296', 关注[6253258309]成功)
[2019-07-16 09:56:13,067] INFO[92L][9000]: ('15227386296', 关注成功,同步到服务器结果[True])
[2019-07-16 09:57:17,583] INFO[92L][9000]: ('15227386296', 关注[1660921984]成功)
[2019-07-16 09:57:17,665] INFO[92L][9000]: ('15227386296', 关注成功,同步到服务器结果[True])
[2019-07-16 09:57:45,166] INFO[92L][9000]: ('15194152712', {"retcode": "0", "ticket": "ST-NzIxMjk5NTMzOA==-1563242264-gz-6C333749A09A51EFA0A4E0BE712AE511-1", "uid": "7212995338", "nick": "用户7212995338"})
[2019-07-16 09:57:45,166] INFO[92L][9000]: ('15194152712', 登录成功)
[2019-07-16 09:57:47,456] INFO[92L][9000]: ('15194152712', 头像上传成功)
[2019-07-16 09:57:49,543] INFO[92L][9000]: ('15194152712', 关注[5987021758]成功)
[2019-07-16 09:57:49,623] INFO[92L][9000]: ('15194152712', 关注成功,同步到服务器结果[True])
[2019-07-16 09:57:56,683] INFO[92L][9000]: ('15194152712', 关注[1661551443]成功)
[2019-07-16 09:57:56,761] INFO[92L][9000]: ('15194152712', 关注成功,同步到服务器结果[True])
[2019-07-16 09:57:59,143] INFO[92L][9000]: ('15194152712', 关注[5303544177]成功)
[2019-07-16 09:57:59,218] INFO[92L][9000]: ('15194152712', 关注成功,同步到服务器结果[True])
[2019-07-16 09:58:09,628] INFO[92L][9000]: ('15194152712', 关注[5111257875]成功)
[2019-07-16 09:58:09,714] INFO[92L][9000]: ('15194152712', 关注成功,同步到服务器结果[True])
[2019-07-16 09:58:13,787] INFO[92L][9000]: ('15194152712', 关注[6296965823]成功)
[2019-07-16 09:58:13,877] INFO[92L][9000]: ('15194152712', 关注成功,同步到服务器结果[True])
[2019-07-16 09:58:18,265] INFO[92L][9000]: ('18946771870', {"retcode": "0", "ticket": "ST-NzIxMjk5NTMwOQ==-1563242297-tc-82AA13FEEA334C947F876F8D33C3653C-1", "uid": "7212995309", "nick": "用户7212995309"})
[2019-07-16 09:58:18,268] INFO[92L][9000]: ('18946771870', 登录成功)
[2019-07-16 09:58:20,518] INFO[92L][9000]: ('18946771870', 头像上传成功)
[2019-07-16 09:58:22,146] INFO[92L][9000]: ('18946771870', 关注[5314059984]成功)
[2019-07-16 09:58:22,240] INFO[92L][9000]: ('18946771870', 关注成功,同步到服务器结果[True])
[2019-07-16 09:58:25,395] INFO[92L][9000]: ('18946771870', 关注[1765700464]成功)
[2019-07-16 09:58:25,487] INFO[92L][9000]: ('18946771870', 关注成功,同步到服务器结果[True])
[2019-07-16 09:58:28,658] INFO[92L][9000]: ('18946771870', 关注[5187812236]成功)
[2019-07-16 09:58:28,742] INFO[92L][9000]: ('18946771870', 关注成功,同步到服务器结果[True])
[2019-07-16 09:58:32,085] INFO[92L][9000]: ('18946771870', 关注[3219996702]成功)
[2019-07-16 09:58:32,224] INFO[92L][9000]: ('18946771870', 关注成功,同步到服务器结果[True])
[2019-07-16 09:58:37,119] INFO[92L][9000]: ('18946771870', 关注[5662675463]成功)
[2019-07-16 09:58:37,215] INFO[92L][9000]: ('18946771870', 关注成功,同步到服务器结果[True])
[2019-07-16 09:58:42,387] INFO[92L][9000]: ('15250268840', {"retcode": "0", "ticket": "ST-NzIxMjk5NTMxMw==-1563242321-gz-E16CFC3A448DB366E1976321D4C1AB17-1", "uid": "7212995313", "nick": "用户7212995313"})
[2019-07-16 09:58:42,388] INFO[92L][9000]: ('15250268840', 登录成功)
[2019-07-16 09:58:45,904] INFO[92L][9000]: ('15250268840', 头像上传成功)
[2019-07-16 09:59:03,197] INFO[92L][9000]: ('15250268840', 关注[1650434880]成功)
[2019-07-16 09:59:03,301] INFO[92L][9000]: ('15250268840', 关注成功,同步到服务器结果[True])
[2019-07-16 09:59:06,183] INFO[92L][9000]: ('15250268840', 关注[1653426154]成功)
[2019-07-16 09:59:06,278] INFO[92L][9000]: ('15250268840', 关注成功,同步到服务器结果[True])
[2019-07-16 09:59:08,783] INFO[92L][9000]: ('15250268840', 关注[2817136854]成功)
[2019-07-16 09:59:08,891] INFO[92L][9000]: ('15250268840', 关注成功,同步到服务器结果[True])
[2019-07-16 09:59:11,297] INFO[92L][9000]: ('15250268840', 关注[2356107293]成功)
[2019-07-16 09:59:11,372] INFO[92L][9000]: ('15250268840', 关注成功,同步到服务器结果[True])
[2019-07-16 09:59:14,813] INFO[92L][9000]: ('15250268840', 关注[1887884637]成功)
[2019-07-16 09:59:14,897] INFO[92L][9000]: ('15250268840', 关注成功,同步到服务器结果[True])
[2019-07-16 09:59:20,576] INFO[92L][9000]: ('13730094402', {"retcode": "0", "ticket": "ST-NzIxMjk5NTI3NA==-1563242359-gz-F6EE010829270CEC8797E8198A2C4171-1", "uid": "7212995274", "nick": "用户7212995274"})
[2019-07-16 09:59:20,578] INFO[92L][9000]: ('13730094402', 登录成功)
[2019-07-16 09:59:23,079] INFO[92L][9000]: ('13730094402', 头像上传成功)
[2019-07-16 09:59:26,679] INFO[92L][9000]: ('13730094402', 关注[7234499535]成功)
[2019-07-16 09:59:26,784] INFO[92L][9000]: ('13730094402', 关注成功,同步到服务器结果[True])
[2019-07-16 09:59:29,206] INFO[92L][9000]: ('13730094402', 关注[5459102871]成功)
[2019-07-16 09:59:29,278] INFO[92L][9000]: ('13730094402', 关注成功,同步到服务器结果[True])
[2019-07-16 09:59:31,391] INFO[92L][9000]: ('13730094402', 关注[3289568725]成功)
[2019-07-16 09:59:31,465] INFO[92L][9000]: ('13730094402', 关注成功,同步到服务器结果[True])
[2019-07-16 09:59:36,497] INFO[92L][9000]: ('13730094402', 关注[3183467805]成功)
[2019-07-16 09:59:36,583] INFO[92L][9000]: ('13730094402', 关注成功,同步到服务器结果[True])
[2019-07-16 09:59:39,043] INFO[92L][9000]: ('13730094402', 关注[5970208933]成功)
[2019-07-16 09:59:39,151] INFO[92L][9000]: ('13730094402', 关注成功,同步到服务器结果[True])
[2019-07-16 09:59:43,269] INFO[92L][9000]: ('18932933226', {"retcode": "0", "ticket": "ST-NzIxMjk5NTI4OA==-1563242382-gz-E093F366F5089A33A00C9EA877C84704-1", "uid": "7212995288", "nick": "用户7212995288"})
[2019-07-16 09:59:43,272] INFO[92L][9000]: ('18932933226', 登录成功)
[2019-07-16 09:59:44,875] INFO[92L][9000]: ('18932933226', 头像上传成功)
[2019-07-16 09:59:46,384] INFO[92L][9000]: ('18932933226', 关注[1312790773]成功)
[2019-07-16 09:59:46,491] INFO[92L][9000]: ('18932933226', 关注成功,同步到服务器结果[True])
[2019-07-16 09:59:49,133] INFO[92L][9000]: ('18932933226', 关注[5524199133]成功)
[2019-07-16 09:59:49,231] INFO[92L][9000]: ('18932933226', 关注成功,同步到服务器结果[True])
[2019-07-16 09:59:51,636] INFO[92L][9000]: ('18932933226', 关注[5822974562]成功)
[2019-07-16 09:59:51,704] INFO[92L][9000]: ('18932933226', 关注成功,同步到服务器结果[True])
[2019-07-16 09:59:53,658] INFO[92L][9000]: ('18932933226', 关注[7234088557]成功)
[2019-07-16 09:59:53,760] INFO[92L][9000]: ('18932933226', 关注成功,同步到服务器结果[True])
[2019-07-16 09:59:57,203] INFO[92L][9000]: ('18932933226', 关注[2554757470]成功)
[2019-07-16 09:59:57,312] INFO[92L][9000]: ('18932933226', 关注成功,同步到服务器结果[True])
[2019-07-16 10:00:02,086] INFO[92L][9000]: ('17789799833', {"retcode": "0", "ticket": "ST-NzIxMzU1ODY5NA==-1563242401-gz-E7E87EA5F3CDF0409C696B5581224CBA-1", "uid": "7213558694", "nick": "用户7213558694"})
[2019-07-16 10:00:02,088] INFO[92L][9000]: ('17789799833', 登录成功)
[2019-07-16 10:00:04,465] INFO[92L][9000]: ('17789799833', 头像上传成功)
[2019-07-16 10:00:06,506] INFO[92L][9000]: ('17789799833', 关注[5100400677]成功)
[2019-07-16 10:00:06,608] INFO[92L][9000]: ('17789799833', 关注成功,同步到服务器结果[True])
[2019-07-16 10:00:08,959] INFO[92L][9000]: ('17789799833', 关注[2829978182]成功)
[2019-07-16 10:00:09,091] INFO[92L][9000]: ('17789799833', 关注成功,同步到服务器结果[True])
[2019-07-16 10:00:11,276] INFO[92L][9000]: ('17789799833', 关注[6674903422]成功)
[2019-07-16 10:00:11,353] INFO[92L][9000]: ('17789799833', 关注成功,同步到服务器结果[True])
[2019-07-16 10:00:13,764] INFO[92L][9000]: ('17789799833', 关注[3860410930]成功)
[2019-07-16 10:00:13,832] INFO[92L][9000]: ('17789799833', 关注成功,同步到服务器结果[True])
[2019-07-16 10:00:16,285] INFO[92L][9000]: ('17789799833', 关注[3940539238]成功)
[2019-07-16 10:00:16,385] INFO[92L][9000]: ('17789799833', 关注成功,同步到服务器结果[True])
[2019-07-16 10:00:20,763] INFO[92L][9000]: ('18643681125', {"retcode": "0", "ticket": "ST-NzIxMzU1ODY3NQ==-1563242419-yf-5B626527B50E20F6C3409047680F6709-1", "uid": "7213558675", "nick": "用户7213558675"})
[2019-07-16 10:00:20,765] INFO[92L][9000]: ('18643681125', 登录成功)
[2019-07-16 10:00:22,374] INFO[92L][9000]: ('18643681125', 头像上传成功)
[2019-07-16 10:00:23,813] INFO[92L][9000]: ('18643681125', 关注[6444968430]成功)
[2019-07-16 10:00:23,909] INFO[92L][9000]: ('18643681125', 关注成功,同步到服务器结果[True])
[2019-07-16 10:00:57,980] INFO[92L][9000]: ('18643681125', 关注[2430085055]成功)
[2019-07-16 10:00:58,077] INFO[92L][9000]: ('18643681125', 关注成功,同步到服务器结果[True])
[2019-07-16 10:01:00,046] INFO[92L][9000]: ('18643681125', 关注[2817069730]成功)
[2019-07-16 10:01:00,134] INFO[92L][9000]: ('18643681125', 关注成功,同步到服务器结果[True])
[2019-07-16 10:01:02,628] INFO[92L][9000]: ('18643681125', 关注[5766317668]成功)
[2019-07-16 10:01:02,711] INFO[92L][9000]: ('18643681125', 关注成功,同步到服务器结果[True])
[2019-07-16 10:01:04,770] INFO[92L][9000]: ('18643681125', 关注[5127243371]成功)
[2019-07-16 10:01:04,839] INFO[92L][9000]: ('18643681125', 关注成功,同步到服务器结果[True])
[2019-07-16 10:01:09,106] INFO[92L][9000]: ('18730823687', {"retcode": "0", "ticket": "ST-NzIxMjk5NTI1MA==-1563242468-tc-83B9EC2AF02EDDFAAD870314D85045FE-1", "uid": "7212995250", "nick": "用户7212995250"})
[2019-07-16 10:01:09,108] INFO[92L][9000]: ('18730823687', 登录成功)
[2019-07-16 10:01:11,871] INFO[92L][9000]: ('18730823687', 头像上传成功)
[2019-07-16 10:01:13,943] INFO[92L][9000]: ('18730823687', 关注[2830104380]成功)
[2019-07-16 10:01:14,009] INFO[92L][9000]: ('18730823687', 关注成功,同步到服务器结果[True])
[2019-07-16 10:01:16,935] INFO[92L][9000]: ('18730823687', 关注[5314068845]成功)
[2019-07-16 10:01:17,098] INFO[92L][9000]: ('18730823687', 关注成功,同步到服务器结果[True])
[2019-07-16 10:01:19,568] INFO[92L][9000]: ('18730823687', 关注[6063472954]成功)
[2019-07-16 10:01:19,653] INFO[92L][9000]: ('18730823687', 关注成功,同步到服务器结果[True])
[2019-07-16 10:01:23,210] INFO[92L][9000]: ('18730823687', 关注[6599617841]成功)
[2019-07-16 10:01:23,301] INFO[92L][9000]: ('18730823687', 关注成功,同步到服务器结果[True])
[2019-07-16 10:01:26,321] INFO[92L][9000]: ('18730823687', 关注[5822974562]成功)
[2019-07-16 10:01:26,430] INFO[92L][9000]: ('18730823687', 关注成功,同步到服务器结果[True])
[2019-07-16 10:01:29,968] INFO[92L][9000]: ('18946770849', {"retcode": "0", "ticket": "ST-NzIxMjk5NTIxNA==-1563242488-tc-B8F3A30563281766632E256B54FA1BFA-1", "uid": "7212995214", "nick": "用户7212995214"})
[2019-07-16 10:01:29,971] INFO[92L][9000]: ('18946770849', 登录成功)
[2019-07-16 10:01:31,698] INFO[92L][9000]: ('18946770849', 头像上传成功)
[2019-07-16 10:01:33,116] INFO[92L][9000]: ('18946770849', 关注[1664378661]成功)
[2019-07-16 10:01:33,222] INFO[92L][9000]: ('18946770849', 关注成功,同步到服务器结果[True])
[2019-07-16 10:01:35,831] INFO[92L][9000]: ('18946770849', 关注[2123357227]成功)
[2019-07-16 10:01:35,910] INFO[92L][9000]: ('18946770849', 关注成功,同步到服务器结果[True])
[2019-07-16 10:01:38,570] INFO[92L][9000]: ('18946770849', 关注[3052164475]成功)
[2019-07-16 10:01:38,659] INFO[92L][9000]: ('18946770849', 关注成功,同步到服务器结果[True])
[2019-07-16 10:01:41,004] INFO[92L][9000]: ('18946770849', 关注[1275337764]成功)
[2019-07-16 10:01:41,079] INFO[92L][9000]: ('18946770849', 关注成功,同步到服务器结果[True])
[2019-07-16 10:01:43,758] INFO[92L][9000]: ('18946770849', 关注[6760411413]成功)
[2019-07-16 10:01:43,864] INFO[92L][9000]: ('18946770849', 关注成功,同步到服务器结果[True])
[2019-07-16 10:01:47,001] INFO[92L][9000]: ('15263282712', {"retcode": "0", "ticket": "ST-NzIxMjk5NTIwMg==-1563242506-tc-AD74E28CEE75920F20054FA7ECB995E5-1", "uid": "7212995202", "nick": "用户7212995202"})
[2019-07-16 10:01:47,003] INFO[92L][9000]: ('15263282712', 登录成功)
[2019-07-16 10:01:48,717] INFO[92L][9000]: ('15263282712', 头像上传成功)
[2019-07-16 10:01:50,081] INFO[92L][9000]: ('15263282712', 关注[5128105003]成功)
[2019-07-16 10:01:50,189] INFO[92L][9000]: ('15263282712', 关注成功,同步到服务器结果[True])
[2019-07-16 10:01:52,833] INFO[92L][9000]: ('15263282712', 关注[6444968430]成功)
[2019-07-16 10:01:52,955] INFO[92L][9000]: ('15263282712', 关注成功,同步到服务器结果[True])
[2019-07-16 10:01:55,326] INFO[92L][9000]: ('15263282712', 关注[3219996702]成功)
[2019-07-16 10:01:55,418] INFO[92L][9000]: ('15263282712', 关注成功,同步到服务器结果[True])
[2019-07-16 10:01:58,594] INFO[92L][9000]: ('15263282712', 关注[1312790773]成功)
[2019-07-16 10:01:58,667] INFO[92L][9000]: ('15263282712', 关注成功,同步到服务器结果[True])
[2019-07-16 10:02:01,037] INFO[92L][9000]: ('15263282712', 关注[6355246258]成功)
[2019-07-16 10:02:01,133] INFO[92L][9000]: ('15263282712', 关注成功,同步到服务器结果[True])
[2019-07-16 10:02:07,194] INFO[92L][9000]: ('15567515356', {"retcode": "0", "ticket": "ST-NzIxMjk5NTE4MQ==-1563242526-gz-CC1DFD4234BC283B912396B42E5FE8C7-1", "uid": "7212995181", "nick": "用户7212995181"})
[2019-07-16 10:02:07,196] INFO[92L][9000]: ('15567515356', 登录成功)
[2019-07-16 10:02:09,403] INFO[92L][9000]: ('15567515356', 头像上传成功)
[2019-07-16 10:02:12,080] INFO[92L][9000]: ('15567515356', 关注[5128388966]成功)
[2019-07-16 10:02:12,184] INFO[92L][9000]: ('15567515356', 关注成功,同步到服务器结果[True])
[2019-07-16 10:02:14,826] INFO[92L][9000]: ('15567515356', 关注[6421825915]成功)
[2019-07-16 10:02:14,916] INFO[92L][9000]: ('15567515356', 关注成功,同步到服务器结果[True])
[2019-07-16 10:02:18,148] INFO[92L][9000]: ('15567515356', 关注[5127497965]成功)
[2019-07-16 10:02:18,303] INFO[92L][9000]: ('15567515356', 关注成功,同步到服务器结果[True])
[2019-07-16 10:02:21,639] INFO[92L][9000]: ('15567515356', 关注[5112846035]成功)
[2019-07-16 10:02:21,723] INFO[92L][9000]: ('15567515356', 关注成功,同步到服务器结果[True])
[2019-07-16 10:02:25,350] INFO[92L][9000]: ('15567515356', 关注[6090788073]成功)
[2019-07-16 10:02:25,431] INFO[92L][9000]: ('15567515356', 关注成功,同步到服务器结果[True])
[2019-07-16 10:02:30,023] INFO[92L][9000]: ('18793282399', {"retcode": "0", "ticket": "ST-NzIxMzU1ODYyOA==-1563242549-gz-B9C1F591B09DE7DBEB921977F445D1ED-1", "uid": "7213558628", "nick": "用户7213558628"})
[2019-07-16 10:02:30,025] INFO[92L][9000]: ('18793282399', 登录成功)
[2019-07-16 10:02:32,076] INFO[92L][9000]: ('18793282399', 头像上传成功)
[2019-07-16 10:02:33,854] INFO[92L][9000]: ('18793282399', 关注[1887884637]成功)
[2019-07-16 10:02:33,939] INFO[92L][9000]: ('18793282399', 关注成功,同步到服务器结果[True])
[2019-07-16 10:02:36,089] INFO[92L][9000]: ('18793282399', 关注[1661058977]成功)
[2019-07-16 10:02:36,174] INFO[92L][9000]: ('18793282399', 关注成功,同步到服务器结果[True])
[2019-07-16 10:02:39,715] INFO[92L][9000]: ('18793282399', 关注[5314068845]成功)
[2019-07-16 10:02:39,821] INFO[92L][9000]: ('18793282399', 关注成功,同步到服务器结果[True])
[2019-07-16 10:02:42,524] INFO[92L][9000]: ('18793282399', 关注[1973771973]成功)
[2019-07-16 10:02:42,622] INFO[92L][9000]: ('18793282399', 关注成功,同步到服务器结果[True])
[2019-07-16 10:02:45,394] INFO[92L][9000]: ('18793282399', 关注[1699432410]成功)
[2019-07-16 10:02:45,505] INFO[92L][9000]: ('18793282399', 关注成功,同步到服务器结果[True])
[2019-07-16 10:02:48,821] INFO[92L][9000]: ('15754304140', {"retcode": "0", "ticket": "ST-NzIxMzU1ODYyMA==-1563242567-tc-1097FFC40CB917DEF7106ECA23B5E9E9-1", "uid": "7213558620", "nick": "用户7213558620"})
[2019-07-16 10:02:48,823] INFO[92L][9000]: ('15754304140', 登录成功)
[2019-07-16 10:02:50,854] INFO[92L][9000]: ('15754304140', 头像上传成功)
[2019-07-16 10:02:52,717] INFO[92L][9000]: ('15754304140', 关注[1311594930]成功)
[2019-07-16 10:02:52,813] INFO[92L][9000]: ('15754304140', 关注成功,同步到服务器结果[True])
[2019-07-16 10:02:55,291] INFO[92L][9000]: ('15754304140', 关注[7234499535]成功)
[2019-07-16 10:02:55,372] INFO[92L][9000]: ('15754304140', 关注成功,同步到服务器结果[True])
[2019-07-16 10:02:57,781] INFO[92L][9000]: ('15754304140', 关注[7193466488]成功)
[2019-07-16 10:02:57,871] INFO[92L][9000]: ('15754304140', 关注成功,同步到服务器结果[True])
[2019-07-16 10:03:00,186] INFO[92L][9000]: ('15754304140', 关注[6253258309]成功)
[2019-07-16 10:03:00,288] INFO[92L][9000]: ('15754304140', 关注成功,同步到服务器结果[True])
[2019-07-16 10:03:03,392] INFO[92L][9000]: ('15754304140', 关注[1649488513]成功)
[2019-07-16 10:03:03,488] INFO[92L][9000]: ('15754304140', 关注成功,同步到服务器结果[True])
[2019-07-16 10:03:42,983] INFO[92L][9000]: ('15932069343', {"retcode": "0", "ticket": "ST-NzIxMjk5NTE5Mg==-1563242621-tc-ABE27535F46E9E971C08B9696A8C06A2-1", "uid": "7212995192", "nick": "用户7212995192"})
[2019-07-16 10:03:42,984] INFO[92L][9000]: ('15932069343', 登录成功)
[2019-07-16 10:03:47,017] INFO[92L][9000]: ('15932069343', 头像上传成功)
[2019-07-16 10:03:49,182] INFO[92L][9000]: ('15932069343', 关注[2233231052]成功)
[2019-07-16 10:03:49,291] INFO[92L][9000]: ('15932069343', 关注成功,同步到服务器结果[True])
[2019-07-16 10:03:53,426] INFO[92L][9000]: ('15932069343', 关注[2356073617]成功)
[2019-07-16 10:03:53,532] INFO[92L][9000]: ('15932069343', 关注成功,同步到服务器结果[True])
[2019-07-16 10:03:56,473] INFO[92L][9000]: ('15932069343', 关注[5608055910]成功)
[2019-07-16 10:03:56,560] INFO[92L][9000]: ('15932069343', 关注成功,同步到服务器结果[True])
[2019-07-16 10:03:59,050] INFO[92L][9000]: ('15932069343', 关注[5822974562]成功)
[2019-07-16 10:03:59,137] INFO[92L][9000]: ('15932069343', 关注成功,同步到服务器结果[True])
[2019-07-16 10:04:05,451] INFO[92L][9000]: ('15932069343', 关注[2232537997]成功)
[2019-07-16 10:04:05,557] INFO[92L][9000]: ('15932069343', 关注成功,同步到服务器结果[True])
[2019-07-16 10:04:09,034] INFO[92L][9000]: ('18370439230', {"retcode": "0", "ticket": "ST-NzIxMjk5NTE4NA==-1563242648-yf-28EDDE7E152BA7C4246636F48D4130A6-1", "uid": "7212995184", "nick": "用户7212995184"})
[2019-07-16 10:04:09,035] INFO[92L][9000]: ('18370439230', 登录成功)
[2019-07-16 10:04:11,070] INFO[92L][9000]: ('18370439230', 头像上传成功)
[2019-07-16 10:04:14,375] INFO[92L][9000]: ('18370439230', 关注[5766317668]成功)
[2019-07-16 10:04:14,477] INFO[92L][9000]: ('18370439230', 关注成功,同步到服务器结果[True])
[2019-07-16 10:04:18,202] INFO[92L][9000]: ('18370439230', 关注[6199587804]成功)
[2019-07-16 10:04:18,291] INFO[92L][9000]: ('18370439230', 关注成功,同步到服务器结果[True])
[2019-07-16 10:04:20,867] INFO[92L][9000]: ('18370439230', 关注[5127243371]成功)
[2019-07-16 10:04:20,962] INFO[92L][9000]: ('18370439230', 关注成功,同步到服务器结果[True])
[2019-07-16 10:04:23,588] INFO[92L][9000]: ('18370439230', 关注[7193466488]成功)
[2019-07-16 10:04:23,689] INFO[92L][9000]: ('18370439230', 关注成功,同步到服务器结果[True])
[2019-07-16 10:04:37,052] INFO[92L][9000]: ('18370439230', 关注[1662555842]成功)
[2019-07-16 10:04:37,145] INFO[92L][9000]: ('18370439230', 关注成功,同步到服务器结果[True])
[2019-07-16 10:04:43,283] INFO[92L][9000]: ('13762227675', {"retcode": "0", "ticket": "ST-NzIxMjk5NTE2Ng==-1563242682-tc-5CB9E0D1752BD62B5FCBF34EF289B6AC-1", "uid": "7212995166", "nick": "用户7212995166"})
[2019-07-16 10:04:43,285] INFO[92L][9000]: ('13762227675', 登录成功)
[2019-07-16 10:04:45,281] INFO[92L][9000]: ('13762227675', 头像上传成功)
[2019-07-16 10:04:47,079] INFO[92L][9000]: ('13762227675', 关注[5187812236]成功)
[2019-07-16 10:04:47,174] INFO[92L][9000]: ('13762227675', 关注成功,同步到服务器结果[True])
[2019-07-16 10:04:50,286] INFO[92L][9000]: ('13762227675', 关注[1661682580]成功)
[2019-07-16 10:04:50,361] INFO[92L][9000]: ('13762227675', 关注成功,同步到服务器结果[True])
[2019-07-16 10:04:52,502] INFO[92L][9000]: ('13762227675', 关注[2751280853]成功)
[2019-07-16 10:04:52,575] INFO[92L][9000]: ('13762227675', 关注成功,同步到服务器结果[True])
[2019-07-16 10:04:54,884] INFO[92L][9000]: ('13762227675', 关注[7236888955]成功)
[2019-07-16 10:04:54,967] INFO[92L][9000]: ('13762227675', 关注成功,同步到服务器结果[True])
[2019-07-16 10:04:57,406] INFO[92L][9000]: ('13762227675', 关注[5323721082]成功)
[2019-07-16 10:04:57,479] INFO[92L][9000]: ('13762227675', 关注成功,同步到服务器结果[True])
[2019-07-16 10:05:00,369] INFO[92L][9000]: ('18779635511', {"retcode": "0", "ticket": "ST-NzIxMzU1ODU4OA==-1563242699-yf-17733832E861F3152FCC61269FC2A2FC-1", "uid": "7213558588", "nick": "用户7213558588"})
[2019-07-16 10:05:00,371] INFO[92L][9000]: ('18779635511', 登录成功)
[2019-07-16 10:05:02,380] INFO[92L][9000]: ('18779635511', 头像上传成功)
[2019-07-16 10:05:03,318] INFO[92L][9000]: ('18779635511', 关注[6336685778]成功)
[2019-07-16 10:05:03,392] INFO[92L][9000]: ('18779635511', 关注成功,同步到服务器结果[True])
[2019-07-16 10:05:05,531] INFO[92L][9000]: ('18779635511', 关注[5720903646]成功)
[2019-07-16 10:05:05,606] INFO[92L][9000]: ('18779635511', 关注成功,同步到服务器结果[True])
[2019-07-16 10:05:07,957] INFO[92L][9000]: ('18779635511', 关注[5314068845]成功)
[2019-07-16 10:05:08,044] INFO[92L][9000]: ('18779635511', 关注成功,同步到服务器结果[True])
[2019-07-16 10:05:10,892] INFO[92L][9000]: ('18779635511', 关注[5112846035]成功)
[2019-07-16 10:05:10,976] INFO[92L][9000]: ('18779635511', 关注成功,同步到服务器结果[True])
[2019-07-16 10:05:13,017] INFO[92L][9000]: ('18779635511', 关注[5314059984]成功)
[2019-07-16 10:05:13,110] INFO[92L][9000]: ('18779635511', 关注成功,同步到服务器结果[True])
[2019-07-16 10:05:19,045] INFO[92L][9000]: ('15196810072', {"retcode": "0", "ticket": "ST-NzIxMzU1ODU4OQ==-1563242718-gz-7B633470F47FF42AA03F0DF6E0C916A9-1", "uid": "7213558589", "nick": "用户7213558589"})
[2019-07-16 10:05:19,047] INFO[92L][9000]: ('15196810072', 登录成功)
[2019-07-16 10:05:21,795] INFO[92L][9000]: ('15196810072', 头像上传成功)
[2019-07-16 10:05:23,699] INFO[92L][9000]: ('15196810072', 关注[2656432094]成功)
[2019-07-16 10:05:23,794] INFO[92L][9000]: ('15196810072', 关注成功,同步到服务器结果[True])
[2019-07-16 10:05:27,946] INFO[92L][9000]: ('15196810072', 关注[6451505989]成功)
[2019-07-16 10:05:28,062] INFO[92L][9000]: ('15196810072', 关注成功,同步到服务器结果[True])
[2019-07-16 10:05:32,949] INFO[92L][9000]: ('15196810072', 关注[5128388966]成功)
[2019-07-16 10:05:33,048] INFO[92L][9000]: ('15196810072', 关注成功,同步到服务器结果[True])
[2019-07-16 10:05:36,751] INFO[92L][9000]: ('15196810072', 关注[6071429199]成功)
[2019-07-16 10:05:36,838] INFO[92L][9000]: ('15196810072', 关注成功,同步到服务器结果[True])
[2019-07-16 10:05:40,299] INFO[92L][9000]: ('15196810072', 关注[5766317668]成功)
[2019-07-16 10:05:40,406] INFO[92L][9000]: ('15196810072', 关注成功,同步到服务器结果[True])
[2019-07-16 10:05:53,921] INFO[92L][9000]: ('18143058018', {"retcode": "0", "ticket": "ST-NzIxMzU1ODU3Mg==-1563242752-gz-C003A6B773B752B1071331B8E8D50C21-1", "uid": "7213558572", "nick": "用户7213558572"})
[2019-07-16 10:05:53,924] INFO[92L][9000]: ('18143058018', 登录成功)
[2019-07-16 10:05:56,595] INFO[92L][9000]: ('18143058018', 头像上传成功)
[2019-07-16 10:05:59,497] INFO[92L][9000]: ('18143058018', 关注[6113241813]成功)
[2019-07-16 10:05:59,565] INFO[92L][9000]: ('18143058018', 关注成功,同步到服务器结果[True])
[2019-07-16 10:06:02,015] INFO[92L][9000]: ('18143058018', 关注[6899950379]成功)
[2019-07-16 10:06:02,123] INFO[92L][9000]: ('18143058018', 关注成功,同步到服务器结果[True])
[2019-07-16 10:06:04,779] INFO[92L][9000]: ('18143058018', 关注[2818259330]成功)
[2019-07-16 10:06:04,868] INFO[92L][9000]: ('18143058018', 关注成功,同步到服务器结果[True])
[2019-07-16 10:06:07,436] INFO[92L][9000]: ('18143058018', 关注[7236431850]成功)
[2019-07-16 10:06:07,541] INFO[92L][9000]: ('18143058018', 关注成功,同步到服务器结果[True])
[2019-07-16 10:06:11,969] INFO[92L][9000]: ('18143058018', 关注[3887040268]成功)
[2019-07-16 10:06:12,077] INFO[92L][9000]: ('18143058018', 关注成功,同步到服务器结果[True])
[2019-07-16 10:06:23,020] INFO[92L][9000]: ('15936795288', {"retcode": "0", "ticket": "ST-NzIxMzU1ODU4MQ==-1563242781-tc-1099567A533BAC44698BD4920EC136AA-1", "uid": "7213558581", "nick": "用户7213558581"})
[2019-07-16 10:06:23,022] INFO[92L][9000]: ('15936795288', 登录成功)
[2019-07-16 10:06:36,774] INFO[92L][9000]: ('15936795288', 头像上传成功)
[2019-07-16 10:07:01,003] INFO[92L][9000]: ('15936795288', 关注[1661685383]成功)
[2019-07-16 10:07:01,088] INFO[92L][9000]: ('15936795288', 关注成功,同步到服务器结果[True])
[2019-07-16 10:07:03,852] INFO[92L][9000]: ('15936795288', 关注[7234499535]成功)
[2019-07-16 10:07:03,925] INFO[92L][9000]: ('15936795288', 关注成功,同步到服务器结果[True])
[2019-07-16 10:07:28,173] INFO[92L][9000]: ('15936795288', 关注[2867617412]成功)
[2019-07-16 10:07:28,281] INFO[92L][9000]: ('15936795288', 关注成功,同步到服务器结果[True])
[2019-07-16 10:07:32,390] INFO[92L][9000]: ('15936795288', 关注[5127497965]成功)
[2019-07-16 10:07:32,503] INFO[92L][9000]: ('15936795288', 关注成功,同步到服务器结果[True])
[2019-07-16 10:07:35,378] INFO[92L][9000]: ('15936795288', 关注[5187812236]成功)
[2019-07-16 10:07:35,480] INFO[92L][9000]: ('15936795288', 关注成功,同步到服务器结果[True])
[2019-07-16 10:07:38,760] INFO[92L][9000]: ('15143571928', {"retcode": "2070", "reason": "输入的验证码不正确"})
[2019-07-16 10:07:39,232] INFO[92L][9000]: ('15143571928', {"retcode": "0", "ticket": "ST-NzIxMzU1ODU3NA==-1563242858-tc-1B8B67B63078512EC05985607C213543-1", "uid": "7213558574", "nick": "用户7213558574"})
[2019-07-16 10:07:39,234] INFO[92L][9000]: ('15143571928', 登录成功)
[2019-07-16 10:07:41,047] INFO[92L][9000]: ('15143571928', 头像上传成功)
[2019-07-16 10:07:42,607] INFO[92L][9000]: ('15143571928', 关注[6451505989]成功)
[2019-07-16 10:07:42,696] INFO[92L][9000]: ('15143571928', 关注成功,同步到服务器结果[True])
[2019-07-16 10:07:45,143] INFO[92L][9000]: ('15143571928', 关注[1747570603]成功)
[2019-07-16 10:07:45,227] INFO[92L][9000]: ('15143571928', 关注成功,同步到服务器结果[True])
[2019-07-16 10:07:47,900] INFO[92L][9000]: ('15143571928', 关注[2830027804]成功)
[2019-07-16 10:07:48,003] INFO[92L][9000]: ('15143571928', 关注成功,同步到服务器结果[True])
[2019-07-16 10:07:51,427] INFO[92L][9000]: ('15143571928', 关注[5687856301]成功)
[2019-07-16 10:07:51,526] INFO[92L][9000]: ('15143571928', 关注成功,同步到服务器结果[True])
[2019-07-16 10:07:54,214] INFO[92L][9000]: ('15143571928', 关注[6016431191]成功)
[2019-07-16 10:07:54,307] INFO[92L][9000]: ('15143571928', 关注成功,同步到服务器结果[True])
[2019-07-16 10:07:57,560] INFO[92L][9000]: ('18602984153', {"retcode": "2070", "reason": "输入的验证码不正确"})
[2019-07-16 10:08:00,076] INFO[92L][9000]: ('18602984153', {"retcode": "0", "ticket": "ST-NzIxMjk5NTEzNg==-1563242879-gz-17AE6CCD8E4A12EB5FB2311AFF4BC829-1", "uid": "7212995136", "nick": "用户7212995136"})
[2019-07-16 10:08:00,077] INFO[92L][9000]: ('18602984153', 登录成功)
[2019-07-16 10:08:01,573] INFO[92L][9000]: ('18602984153', 头像上传成功)
[2019-07-16 10:08:03,772] INFO[92L][9000]: ('18602984153', 关注[2750981205]成功)
[2019-07-16 10:08:03,856] INFO[92L][9000]: ('18602984153', 关注成功,同步到服务器结果[True])
[2019-07-16 10:08:06,586] INFO[92L][9000]: ('18602984153', 关注[5314059984]成功)
[2019-07-16 10:08:06,690] INFO[92L][9000]: ('18602984153', 关注成功,同步到服务器结果[True])
[2019-07-16 10:08:09,152] INFO[92L][9000]: ('18602984153', 关注[6185214789]成功)
[2019-07-16 10:08:09,250] INFO[92L][9000]: ('18602984153', 关注成功,同步到服务器结果[True])
[2019-07-16 10:08:11,952] INFO[92L][9000]: ('18602984153', 关注[5572529792]成功)
[2019-07-16 10:08:12,058] INFO[92L][9000]: ('18602984153', 关注成功,同步到服务器结果[True])
[2019-07-16 10:08:15,218] INFO[92L][9000]: ('18602984153', 关注[2829969332]成功)
[2019-07-16 10:08:15,309] INFO[92L][9000]: ('18602984153', 关注成功,同步到服务器结果[True])
[2019-07-16 10:08:21,064] INFO[92L][9000]: ('18675284978', {"retcode": "0", "ticket": "ST-NzIxMjk5NTEzMA==-1563242900-gz-780A6F7007BDC7BE1AD3998C01986220-1", "uid": "7212995130", "nick": "用户7212995130"})
[2019-07-16 10:08:21,067] INFO[92L][9000]: ('18675284978', 登录成功)
[2019-07-16 10:08:29,085] INFO[92L][9000]: ('18675284978', 头像上传成功)
[2019-07-16 10:08:31,802] INFO[92L][9000]: ('18675284978', 关注[5766317668]成功)
[2019-07-16 10:08:31,901] INFO[92L][9000]: ('18675284978', 关注成功,同步到服务器结果[True])
[2019-07-16 10:08:34,827] INFO[92L][9000]: ('18675284978', 关注[6974536402]成功)
[2019-07-16 10:08:34,905] INFO[92L][9000]: ('18675284978', 关注成功,同步到服务器结果[True])
[2019-07-16 10:08:37,500] INFO[92L][9000]: ('18675284978', 关注[1699432410]成功)
[2019-07-16 10:08:37,573] INFO[92L][9000]: ('18675284978', 关注成功,同步到服务器结果[True])
[2019-07-16 10:08:40,842] INFO[92L][9000]: ('18675284978', 关注[2830051462]成功)
[2019-07-16 10:08:40,915] INFO[92L][9000]: ('18675284978', 关注成功,同步到服务器结果[True])
[2019-07-16 10:08:43,355] INFO[92L][9000]: ('18675284978', 关注[6205982684]成功)
[2019-07-16 10:08:43,438] INFO[92L][9000]: ('18675284978', 关注成功,同步到服务器结果[True])
[2019-07-16 10:08:47,748] INFO[92L][9000]: ('18396730938', {"retcode": "0", "ticket": "ST-NzIxMzU1ODU0Mw==-1563242926-tc-F73AE294BFD18F6D2897AB47B8286750-1", "uid": "7213558543", "nick": "用户7213558543"})
[2019-07-16 10:08:47,750] INFO[92L][9000]: ('18396730938', 登录成功)
[2019-07-16 10:08:49,673] INFO[92L][9000]: ('18396730938', 头像上传成功)
[2019-07-16 10:08:51,053] INFO[92L][9000]: ('18396730938', 关注[7234499535]成功)
[2019-07-16 10:08:51,160] INFO[92L][9000]: ('18396730938', 关注成功,同步到服务器结果[True])
[2019-07-16 10:08:53,471] INFO[92L][9000]: ('18396730938', 关注[3420147162]成功)
[2019-07-16 10:08:53,567] INFO[92L][9000]: ('18396730938', 关注成功,同步到服务器结果[True])
[2019-07-16 10:08:55,773] INFO[92L][9000]: ('18396730938', 关注[2552149533]成功)
[2019-07-16 10:08:55,878] INFO[92L][9000]: ('18396730938', 关注成功,同步到服务器结果[True])
[2019-07-16 10:08:58,472] INFO[92L][9000]: ('18396730938', 关注[5881681818]成功)
[2019-07-16 10:08:58,568] INFO[92L][9000]: ('18396730938', 关注成功,同步到服务器结果[True])
[2019-07-16 10:09:00,869] INFO[92L][9000]: ('18396730938', 关注[2405037170]成功)
[2019-07-16 10:09:00,966] INFO[92L][9000]: ('18396730938', 关注成功,同步到服务器结果[True])
[2019-07-16 10:09:05,603] INFO[92L][9000]: ('18162484245', {"retcode": "2070", "reason": "输入的验证码不正确"})
[2019-07-16 10:09:07,629] INFO[92L][9000]: ('18162484245', {"retcode": "0", "ticket": "ST-NzIxMjk5NTEwOA==-1563242946-gz-3DA8F191A647A8C88D3F2658CFEE2A97-1", "uid": "7212995108", "nick": "用户7212995108"})
[2019-07-16 10:09:07,631] INFO[92L][9000]: ('18162484245', 登录成功)
[2019-07-16 10:09:22,726] INFO[92L][9000]: ('18162484245', 头像上传成功)
[2019-07-16 10:09:46,343] INFO[92L][9000]: ('18162484245', 关注[3995169369]成功)
[2019-07-16 10:09:46,455] INFO[92L][9000]: ('18162484245', 关注成功,同步到服务器结果[True])
[2019-07-16 10:09:48,712] INFO[92L][9000]: ('18162484245', 关注[6452014161]成功)
[2019-07-16 10:09:48,802] INFO[92L][9000]: ('18162484245', 关注成功,同步到服务器结果[True])
[2019-07-16 10:09:51,795] INFO[92L][9000]: ('18162484245', 关注[5385702176]成功)
[2019-07-16 10:09:51,879] INFO[92L][9000]: ('18162484245', 关注成功,同步到服务器结果[True])
[2019-07-16 10:09:55,008] INFO[92L][9000]: ('18162484245', 关注[5662675463]成功)
[2019-07-16 10:09:55,110] INFO[92L][9000]: ('18162484245', 关注成功,同步到服务器结果[True])
[2019-07-16 10:09:57,517] INFO[92L][9000]: ('18162484245', 关注[1661682580]成功)
[2019-07-16 10:09:57,638] INFO[92L][9000]: ('18162484245', 关注成功,同步到服务器结果[True])
[2019-07-16 10:10:02,948] INFO[92L][9000]: ('18256165098', {"retcode": "0", "ticket": "ST-NzIxMjk5NTA5MQ==-1563243001-gz-BCB04D07333146F72BC0DC2678560029-1", "uid": "7212995091", "nick": "用户7212995091"})
[2019-07-16 10:10:02,949] INFO[92L][9000]: ('18256165098', 登录成功)
[2019-07-16 10:10:04,298] INFO[92L][9000]: ('18256165098', 头像上传成功)
[2019-07-16 10:10:05,606] INFO[92L][9000]: ('18256165098', 关注[2817069532]成功)
[2019-07-16 10:10:05,692] INFO[92L][9000]: ('18256165098', 关注成功,同步到服务器结果[True])
[2019-07-16 10:10:08,393] INFO[92L][9000]: ('18256165098', 关注[6602603708]成功)
[2019-07-16 10:10:08,510] INFO[92L][9000]: ('18256165098', 关注成功,同步到服务器结果[True])
[2019-07-16 10:10:10,625] INFO[92L][9000]: ('18256165098', 关注[5127497965]成功)
[2019-07-16 10:10:10,701] INFO[92L][9000]: ('18256165098', 关注成功,同步到服务器结果[True])
[2019-07-16 10:10:13,176] INFO[92L][9000]: ('18256165098', 关注[1662546043]成功)
[2019-07-16 10:10:13,279] INFO[92L][9000]: ('18256165098', 关注成功,同步到服务器结果[True])
[2019-07-16 10:10:15,366] INFO[92L][9000]: ('18256165098', 关注[2079651001]成功)
[2019-07-16 10:10:15,459] INFO[92L][9000]: ('18256165098', 关注成功,同步到服务器结果[True])
[2019-07-16 10:10:19,128] INFO[92L][9000]: ('13844753168', {"retcode": "0", "ticket": "ST-NzIxMjk5NTA4Ng==-1563243018-yf-D65B6D8ECAC37C6B3A9A9CC7FDC13208-1", "uid": "7212995086", "nick": "用户7212995086"})
[2019-07-16 10:10:19,131] INFO[92L][9000]: ('13844753168', 登录成功)
[2019-07-16 10:10:21,381] INFO[92L][9000]: ('13844753168', 头像上传成功)
[2019-07-16 10:10:22,757] INFO[92L][9000]: ('13844753168', 关注[5822974562]成功)
[2019-07-16 10:10:22,829] INFO[92L][9000]: ('13844753168', 关注成功,同步到服务器结果[True])
[2019-07-16 10:10:25,033] INFO[92L][9000]: ('13844753168', 关注[2817069730]成功)
[2019-07-16 10:10:25,118] INFO[92L][9000]: ('13844753168', 关注成功,同步到服务器结果[True])
[2019-07-16 10:10:27,427] INFO[92L][9000]: ('13844753168', 关注[6113241813]成功)
[2019-07-16 10:10:27,520] INFO[92L][9000]: ('13844753168', 关注成功,同步到服务器结果[True])
[2019-07-16 10:10:29,752] INFO[92L][9000]: ('13844753168', 关注[3289568725]成功)
[2019-07-16 10:10:29,859] INFO[92L][9000]: ('13844753168', 关注成功,同步到服务器结果[True])
[2019-07-16 10:10:32,479] INFO[92L][9000]: ('13844753168', 关注[5568024682]成功)
[2019-07-16 10:10:32,586] INFO[92L][9000]: ('13844753168', 关注成功,同步到服务器结果[True])
[2019-07-16 10:11:00,203] INFO[92L][9000]: ('13915249305', {"retcode": "0", "ticket": "ST-NzIxMjk5NTA1Nw==-1563243059-gz-A9A9935869A2ACDF443B2B84C75F1CFA-1", "uid": "7212995057", "nick": "用户7212995057"})
[2019-07-16 10:11:00,205] INFO[92L][9000]: ('13915249305', 登录成功)
[2019-07-16 10:11:11,968] INFO[92L][9000]: ('13915249305', 头像上传成功)
[2019-07-16 10:11:18,657] INFO[92L][9000]: ('13915249305', 关注[6336685778]成功)
[2019-07-16 10:11:18,741] INFO[92L][9000]: ('13915249305', 关注成功,同步到服务器结果[True])
[2019-07-16 10:11:23,502] INFO[92L][9000]: ('13915249305', 关注[2830051462]成功)
[2019-07-16 10:11:23,569] INFO[92L][9000]: ('13915249305', 关注成功,同步到服务器结果[True])
[2019-07-16 10:11:24,322] INFO[122L][6292]:  * Running on http://127.0.0.1:5000/ (Press CTRL+C to quit)
[2019-07-16 10:11:56,554] INFO[92L][9000]: ('13915249305', 关注[5606187438]成功)
[2019-07-16 10:11:56,651] INFO[92L][9000]: ('13915249305', 关注成功,同步到服务器结果[True])
[2019-07-16 10:12:00,247] INFO[92L][9000]: ('13915249305', 关注[2749928332]成功)
[2019-07-16 10:12:00,353] INFO[92L][9000]: ('13915249305', 关注成功,同步到服务器结果[True])
[2019-07-16 10:12:02,974] INFO[92L][9000]: ('13915249305', 关注[5112846035]成功)
[2019-07-16 10:12:03,079] INFO[92L][9000]: ('13915249305', 关注成功,同步到服务器结果[True])
[2019-07-16 10:12:05,000] INFO[122L][2328]: 127.0.0.1 - - [16/Jul/2019 10:12:05] "GET /run/1 HTTP/1.1" 200 -
[2019-07-16 10:12:06,097] INFO[92L][9000]: ('15872705710', {"retcode": "2070", "reason": "输入的验证码不正确"})
[2019-07-16 10:12:06,475] INFO[92L][9000]: ('15872705710', {"retcode": "0", "ticket": "ST-NzIxMzU1OTA1Nw==-1563243125-tc-66D8B5471F82875C4A268911AF4CF4AA-1", "uid": "7213559057", "nick": "用户7213559057"})
[2019-07-16 10:12:06,476] INFO[92L][9000]: ('15872705710', 登录成功)
[2019-07-16 10:12:08,130] INFO[92L][9000]: ('15872705710', 关注[3093159643]成功)
[2019-07-16 10:12:08,212] INFO[92L][9000]: ('15872705710', 关注成功,同步到服务器结果[True])
[2019-07-16 10:12:10,635] INFO[92L][9000]: ('15872705710', 关注[5822974562]成功)
[2019-07-16 10:12:10,732] INFO[92L][9000]: ('15872705710', 关注成功,同步到服务器结果[True])
[2019-07-16 10:12:13,189] INFO[122L][8768]: 127.0.0.1 - - [16/Jul/2019 10:12:13] "GET /run/1 HTTP/1.1" 200 -
[2019-07-16 10:12:13,582] INFO[92L][9000]: ('15872705710', 关注[5100400677]成功)
[2019-07-16 10:12:13,696] INFO[92L][9000]: ('15872705710', 关注成功,同步到服务器结果[True])
[2019-07-16 10:12:16,498] INFO[92L][9000]: ('15872705710', 关注[1729231194]成功)
[2019-07-16 10:12:16,592] INFO[92L][9000]: ('15872705710', 关注成功,同步到服务器结果[True])
[2019-07-16 10:12:18,731] INFO[92L][9000]: ('15872705710', 关注[6768235815]成功)
[2019-07-16 10:12:18,817] INFO[92L][9000]: ('15872705710', 关注成功,同步到服务器结果[True])
[2019-07-16 10:12:20,080] INFO[122L][2544]: 127.0.0.1 - - [16/Jul/2019 10:12:20] "GET /stop HTTP/1.1" 200 -
[2019-07-16 10:12:27,906] INFO[122L][2444]: 127.0.0.1 - - [16/Jul/2019 10:12:27] "GET /run/1 HTTP/1.1" 200 -
[2019-07-16 10:12:28,604] INFO[92L][9000]: ('13388316840', {"retcode": "0", "ticket": "ST-NzIxMjk5NTYxNw==-1563243147-yf-B706E8F16E110D5A4A803B85F3ED1532-1", "uid": "7212995617", "nick": "用户7212995617"})
[2019-07-16 10:12:28,606] INFO[92L][9000]: ('13388316840', 登录成功)
[2019-07-16 10:12:30,225] INFO[92L][9860]: ('18154541206', {"retcode": "0", "ticket": "ST-NzIxMzU1OTAzMQ==-1563243149-yf-EBD6A754D931380A67F796DD67547E2E-1", "uid": "7213559031", "nick": "用户7213559031"})
[2019-07-16 10:12:30,227] INFO[92L][9860]: ('18154541206', 登录成功)
[2019-07-16 10:12:33,104] INFO[92L][9860]: ('18154541206', 关注[3887040268]成功)
[2019-07-16 10:12:33,196] INFO[92L][9860]: ('18154541206', 关注成功,同步到服务器结果[True])
[2019-07-16 10:12:33,701] INFO[92L][9000]: ('13388316840', 关注[3887040268]成功)
[2019-07-16 10:12:33,786] INFO[92L][9000]: ('13388316840', 关注成功,同步到服务器结果[True])
[2019-07-16 10:12:33,929] INFO[122L][10676]: 127.0.0.1 - - [16/Jul/2019 10:12:33] "GET / HTTP/1.1" 200 -
[2019-07-16 10:12:36,905] INFO[92L][9000]: ('13388316840', 关注[1312790773]成功)
[2019-07-16 10:12:36,996] INFO[92L][9000]: ('13388316840', 关注成功,同步到服务器结果[True])
[2019-07-16 10:12:37,564] INFO[122L][4180]: 127.0.0.1 - - [16/Jul/2019 10:12:37] "GET /run/1 HTTP/1.1" 200 -
[2019-07-16 10:12:42,929] INFO[92L][9000]: ('13388316840', 关注[2751280853]成功)
[2019-07-16 10:12:42,992] INFO[92L][9000]: ('13388316840', 关注成功,同步到服务器结果[True])
[2019-07-16 10:12:46,898] INFO[92L][9000]: ('13388316840', 关注[6760411413]成功)
[2019-07-16 10:12:46,991] INFO[92L][9000]: ('13388316840', 关注成功,同步到服务器结果[True])
[2019-07-16 10:12:47,185] INFO[92L][9860]: ('18154541206', 关注[1312790773]成功)
[2019-07-16 10:12:47,269] INFO[92L][9860]: ('18154541206', 关注成功,同步到服务器结果[True])
[2019-07-16 10:12:49,407] INFO[92L][9860]: ('18154541206', 关注[2751280853]成功)
[2019-07-16 10:12:49,513] INFO[92L][9860]: ('18154541206', 关注成功,同步到服务器结果[True])
[2019-07-16 10:12:59,609] INFO[92L][9860]: ('18154541206', 关注[6760411413]成功)
[2019-07-16 10:12:59,715] INFO[92L][9860]: ('18154541206', 关注成功,同步到服务器结果[True])
[2019-07-16 10:13:02,354] INFO[92L][9860]: ('18154541206', 关注[5443635966]成功)
[2019-07-16 10:13:02,438] INFO[92L][9860]: ('18154541206', 关注成功,同步到服务器结果[True])
[2019-07-16 10:13:04,257] INFO[92L][9000]: ('13388316840', 关注[5443635966]成功)
[2019-07-16 10:13:04,347] INFO[92L][9000]: ('13388316840', 关注成功,同步到服务器结果[True])
[2019-07-16 10:13:11,403] INFO[122L][10408]:  * Running on http://127.0.0.1:5000/ (Press CTRL+C to quit)
[2019-07-16 10:13:14,140] INFO[122L][12772]: 127.0.0.1 - - [16/Jul/2019 10:13:14] "GET /run/1 HTTP/1.1" 200 -
[2019-07-16 10:13:20,607] INFO[92L][4732]: ('13500952866', {"retcode": "0", "ticket": "ST-NzIxMzU1OTAyMA==-1563243199-yf-583D7496A2ED2850671FC07DE239844A-1", "uid": "7213559020", "nick": "用户7213559020"})
[2019-07-16 10:13:20,608] INFO[92L][4732]: ('13500952866', 登录成功)
[2019-07-16 10:13:22,948] INFO[92L][4732]: ('13500952866', 头像上传成功)
[2019-07-16 10:13:26,808] INFO[92L][4732]: ('13500952866', 关注[5187812236]成功)
[2019-07-16 10:13:26,882] INFO[92L][4732]: ('13500952866', 关注成功,同步到服务器结果[True])
[2019-07-16 10:13:32,961] INFO[92L][4732]: ('13500952866', 关注[6602603708]成功)
[2019-07-16 10:13:33,045] INFO[92L][4732]: ('13500952866', 关注成功,同步到服务器结果[True])
[2019-07-16 10:27:52,719] INFO[122L][10236]:  * Running on http://127.0.0.1:5000/ (Press CTRL+C to quit)
[2019-07-16 10:27:56,727] INFO[122L][9580]: 127.0.0.1 - - [16/Jul/2019 10:27:56] "GET /run/1 HTTP/1.1" 200 -
[2019-07-16 10:28:03,348] INFO[92L][6652]: ('13944440144', {"retcode": "0", "ticket": "ST-NzIxMjk5NTU5OA==-1563244082-gz-B7E0FC4000D3A84D5C4BE4BE5EB0F9EF-1", "uid": "7212995598", "nick": "用户7212995598"})
[2019-07-16 10:28:03,350] INFO[92L][6652]: ('13944440144', 登录成功)
[2019-07-16 10:28:06,476] INFO[92L][6652]: ('13944440144', 头像上传成功)
[2019-07-16 10:28:09,714] INFO[92L][6652]: ('13944440144', 关注[5099472892]成功)
[2019-07-16 10:28:09,805] INFO[92L][6652]: ('13944440144', 关注成功,同步到服务器结果[True])
[2019-07-16 10:28:12,004] INFO[92L][6652]: ('13944440144', 关注[7236431850]成功)
[2019-07-16 10:28:12,078] INFO[92L][6652]: ('13944440144', 关注成功,同步到服务器结果[True])
[2019-07-16 10:28:43,217] INFO[122L][6648]:  * Running on http://127.0.0.1:5000/ (Press CTRL+C to quit)
[2019-07-16 10:28:46,299] INFO[122L][7380]: 127.0.0.1 - - [16/Jul/2019 10:28:46] "GET /run/1 HTTP/1.1" 200 -
[2019-07-16 10:29:13,979] INFO[92L][4192]: ('15588259665', {"retcode": "0", "ticket": "ST-NzIxMzU1ODk3MQ==-1563244152-gz-B1AD68820C80C7A332C1D001C73C74A6-1", "uid": "7213558971", "nick": "用户7213558971"})
[2019-07-16 10:29:13,982] INFO[92L][4192]: ('15588259665', 登录成功)
[2019-07-16 10:29:26,437] INFO[92L][4192]: ('15588259665', 头像上传成功)
[2019-07-16 10:29:32,100] INFO[92L][4192]: ('15588259665', 关注[2830104380]成功)
[2019-07-16 10:29:32,199] INFO[92L][4192]: ('15588259665', 关注成功,同步到服务器结果[True])
[2019-07-16 10:50:38,984] INFO[122L][9956]:  * Running on http://127.0.0.1:5000/ (Press CTRL+C to quit)
[2019-07-16 10:50:41,314] INFO[122L][6484]: 127.0.0.1 - - [16/Jul/2019 10:50:41] "GET /run/1 HTTP/1.1" 200 -
[2019-07-16 10:50:47,605] INFO[92L][11136]: ('18145907900', {"retcode": "0", "ticket": "ST-NzIxMzU1OTAwNw==-1563245446-gz-568203F337FBB2180C5B38FA3A74ADA7-1", "uid": "7213559007", "nick": "用户7213559007"})
[2019-07-16 10:50:47,606] INFO[92L][11136]: ('18145907900', 登录成功)
[2019-07-16 10:50:50,672] WARNING[92L][11136]: ('18145907900', 修改资料-系统繁忙)
[2019-07-16 10:50:53,239] INFO[92L][11136]: ('18145907900', 关注[6336685778]成功)
[2019-07-16 10:50:53,334] INFO[92L][11136]: ('18145907900', 关注成功,同步到服务器结果[True])
[2019-07-16 10:50:55,980] INFO[92L][11136]: ('18145907900', 关注[5194170415]成功)
[2019-07-16 10:50:56,097] INFO[92L][11136]: ('18145907900', 关注成功,同步到服务器结果[True])
[2019-07-16 10:50:59,203] INFO[92L][11136]: ('18145907900', 关注[6618646978]成功)
[2019-07-16 10:50:59,288] INFO[92L][11136]: ('18145907900', 关注成功,同步到服务器结果[True])
[2019-07-16 10:51:02,351] INFO[92L][11136]: ('18145907900', 关注[1887884637]成功)
[2019-07-16 10:51:02,437] INFO[92L][11136]: ('18145907900', 关注成功,同步到服务器结果[True])
[2019-07-16 10:51:06,501] INFO[92L][11136]: ('18145907900', 关注[3927397273]成功)
[2019-07-16 10:51:06,583] INFO[92L][11136]: ('18145907900', 关注成功,同步到服务器结果[True])
[2019-07-16 10:52:20,408] INFO[122L][7720]:  * Running on http://127.0.0.1:5000/ (Press CTRL+C to quit)
[2019-07-16 10:52:23,609] INFO[122L][5240]: 127.0.0.1 - - [16/Jul/2019 10:52:23] "GET /run/1 HTTP/1.1" 200 -
[2019-07-16 10:52:29,698] INFO[92L][8244]: ('18073265899', {"retcode": "0", "ticket": "ST-NzIxMzU1ODg0NQ==-1563245548-yf-D09918E127527F7B8A267AA48A7CBDFD-1", "uid": "7213558845", "nick": "用户7213558845"})
[2019-07-16 10:52:29,699] INFO[92L][8244]: ('18073265899', 登录成功)
[2019-07-16 10:52:31,980] INFO[92L][8244]: ('18073265899', 修改资料成功)
[2019-07-16 10:52:33,983] INFO[92L][8244]: ('18073265899', 关注[5252936171]成功)
[2019-07-16 10:52:34,058] INFO[92L][8244]: ('18073265899', 关注成功,同步到服务器结果[True])
[2019-07-16 10:52:36,719] INFO[92L][8244]: ('18073265899', 关注[2356107293]成功)
[2019-07-16 10:52:36,816] INFO[92L][8244]: ('18073265899', 关注成功,同步到服务器结果[True])
[2019-07-16 10:52:39,216] INFO[92L][8244]: ('18073265899', 关注[2392115750]成功)
[2019-07-16 10:52:39,309] INFO[92L][8244]: ('18073265899', 关注成功,同步到服务器结果[True])
[2019-07-16 10:52:43,114] INFO[92L][8244]: ('18073265899', 关注[7144751552]成功)
[2019-07-16 10:52:43,212] INFO[92L][8244]: ('18073265899', 关注成功,同步到服务器结果[True])
[2019-07-16 10:52:46,318] INFO[92L][8244]: ('18073265899', 关注[5303544177]成功)
[2019-07-16 10:52:46,409] INFO[92L][8244]: ('18073265899', 关注成功,同步到服务器结果[True])
[2019-07-16 10:52:53,445] INFO[92L][8244]: ('17359008259', {"retcode": "0", "ticket": "ST-NzIxMzU1ODg0NA==-1563245572-yf-38DF4DE61363AF6F846B3D6B36F9D684-1", "uid": "7213558844", "nick": "用户7213558844"})
[2019-07-16 10:52:53,447] INFO[92L][8244]: ('17359008259', 登录成功)
[2019-07-16 10:52:56,926] INFO[92L][8244]: ('17359008259', 修改资料成功)
[2019-07-16 10:53:57,272] INFO[122L][8156]:  * Running on http://127.0.0.1:5000/ (Press CTRL+C to quit)
[2019-07-16 10:53:59,752] INFO[122L][8516]: 127.0.0.1 - - [16/Jul/2019 10:53:59] "GET /run/1 HTTP/1.1" 200 -
[2019-07-16 10:54:06,486] INFO[92L][3716]: ('15929837752', {"retcode": "0", "ticket": "ST-NzIxMzU1ODgyOA==-1563245645-gz-788772C0A260A7BFA47A7C10967FA8DD-1", "uid": "7213558828", "nick": "用户7213558828"})
[2019-07-16 10:54:06,488] INFO[92L][3716]: ('15929837752', 登录成功)
[2019-07-16 10:54:09,105] INFO[92L][3716]: ('15929837752', 修改资料成功)
[2019-07-16 10:54:11,286] INFO[92L][3716]: ('15929837752', 关注[6421825915]成功)
[2019-07-16 10:54:11,377] INFO[92L][3716]: ('15929837752', 关注成功,同步到服务器结果[True])
[2019-07-16 10:54:22,790] INFO[92L][3716]: ('15929837752', 关注[6895776930]成功)
[2019-07-16 10:54:22,895] INFO[92L][3716]: ('15929837752', 关注成功,同步到服务器结果[True])
[2019-07-16 10:54:28,399] INFO[92L][3716]: ('15929837752', 关注[5662675463]成功)
[2019-07-16 10:54:28,511] INFO[92L][3716]: ('15929837752', 关注成功,同步到服务器结果[True])
[2019-07-16 10:54:32,465] INFO[92L][3716]: ('15929837752', 关注[5187812236]成功)
[2019-07-16 10:54:32,573] INFO[92L][3716]: ('15929837752', 关注成功,同步到服务器结果[True])
[2019-07-16 10:54:40,152] INFO[92L][3716]: ('15929837752', 关注[5845406809]成功)
[2019-07-16 10:54:40,227] INFO[92L][3716]: ('15929837752', 关注成功,同步到服务器结果[True])
[2019-07-16 10:55:37,090] INFO[122L][8940]:  * Running on http://127.0.0.1:5000/ (Press CTRL+C to quit)
[2019-07-16 10:55:39,688] INFO[122L][9000]: 127.0.0.1 - - [16/Jul/2019 10:55:39] "GET /run/1 HTTP/1.1" 200 -
[2019-07-16 10:55:44,709] INFO[92L][8664]: ('18073265899', {"retcode": "0", "ticket": "ST-NzIxMzU1ODg0NQ==-1563245743-tc-7BAAF493D7BA13DBF6F51652E45A359A-1", "uid": "7213558845", "nick": "用户7213558845"})
[2019-07-16 10:55:44,710] INFO[92L][8664]: ('18073265899', 登录成功)
[2019-07-16 10:55:46,275] WARNING[92L][8664]: ('18073265899', 修改资料-系统繁忙)
[2019-07-16 10:55:49,029] INFO[92L][8664]: ('18073265899', 关注[5100400677]成功)
[2019-07-16 10:55:49,122] INFO[92L][8664]: ('18073265899', 关注成功,同步到服务器结果[True])
[2019-07-16 10:55:52,069] INFO[92L][8664]: ('18073265899', 关注[6420335796]成功)
[2019-07-16 10:55:52,169] INFO[92L][8664]: ('18073265899', 关注成功,同步到服务器结果[True])
[2019-07-16 10:55:54,322] INFO[92L][8664]: ('18073265899', 关注[1887884637]成功)
[2019-07-16 10:55:54,428] INFO[92L][8664]: ('18073265899', 关注成功,同步到服务器结果[True])
[2019-07-16 10:55:56,709] INFO[92L][8664]: ('18073265899', 关注[2392001542]成功)
[2019-07-16 10:55:56,785] INFO[92L][8664]: ('18073265899', 关注成功,同步到服务器结果[True])
[2019-07-16 10:55:59,867] INFO[92L][8664]: ('18073265899', 关注[3927397273]成功)
[2019-07-16 10:55:59,941] INFO[92L][8664]: ('18073265899', 关注成功,同步到服务器结果[True])
[2019-07-16 11:12:42,588] INFO[122L][9048]:  * Running on http://127.0.0.1:5000/ (Press CTRL+C to quit)
[2019-07-16 11:12:45,017] INFO[122L][10280]: 127.0.0.1 - - [16/Jul/2019 11:12:45] "GET /run/1 HTTP/1.1" 200 -
[2019-07-16 11:12:49,988] INFO[92L][8052]: ('15929837752', {"retcode": "0", "ticket": "ST-NzIxMzU1ODgyOA==-1563246769-tc-E091ED5B946308114920EEDA1DEA7176-1", "uid": "7213558828", "nick": "麋鹿撞心2011"})
[2019-07-16 11:12:49,989] INFO[92L][8052]: ('15929837752', 登录成功)
[2019-07-16 11:12:51,787] WARNING[92L][8052]: ('15929837752', 修改资料-系统繁忙)
[2019-07-16 11:12:54,259] INFO[92L][8052]: ('15929837752', 关注[1649490065]成功)
[2019-07-16 11:12:54,370] INFO[92L][8052]: ('15929837752', 关注成功,同步到服务器结果[True])
[2019-07-16 11:12:56,612] INFO[92L][8052]: ('15929837752', 关注[2392122194]成功)
[2019-07-16 11:12:56,718] INFO[92L][8052]: ('15929837752', 关注成功,同步到服务器结果[True])
[2019-07-16 11:12:58,873] INFO[92L][8052]: ('15929837752', 关注[1662608097]成功)
[2019-07-16 11:12:58,989] INFO[92L][8052]: ('15929837752', 关注成功,同步到服务器结果[True])
[2019-07-16 11:13:01,269] INFO[92L][8052]: ('15929837752', 关注[5112846035]成功)
[2019-07-16 11:13:01,355] INFO[92L][8052]: ('15929837752', 关注成功,同步到服务器结果[True])
[2019-07-16 11:13:04,077] INFO[92L][8052]: ('15929837752', 关注[5991127406]成功)
[2019-07-16 11:13:04,154] INFO[92L][8052]: ('15929837752', 关注成功,同步到服务器结果[True])
[2019-07-16 11:13:09,539] INFO[92L][8052]: ('18272178443', {"retcode": "0", "ticket": "ST-NzIxMzU1ODgzOQ==-1563246788-gz-F693AAE8F0E06CAC806E26E974EC7306-1", "uid": "7213558839", "nick": "用户7213558839"})
[2019-07-16 11:13:09,541] INFO[92L][8052]: ('18272178443', 登录成功)
[2019-07-16 11:13:11,837] INFO[92L][8052]: ('18272178443', 修改资料成功)
[2019-07-16 11:13:14,398] INFO[92L][8052]: ('18272178443', 关注[5187812236]成功)
[2019-07-16 11:13:14,487] INFO[92L][8052]: ('18272178443', 关注成功,同步到服务器结果[True])
[2019-07-16 11:13:17,161] INFO[92L][8052]: ('18272178443', 关注[2817532784]成功)
[2019-07-16 11:13:17,242] INFO[92L][8052]: ('18272178443', 关注成功,同步到服务器结果[True])
[2019-07-16 11:13:19,363] INFO[92L][8052]: ('18272178443', 关注[3887040268]成功)
[2019-07-16 11:13:19,466] INFO[92L][8052]: ('18272178443', 关注成功,同步到服务器结果[True])
[2019-07-16 11:13:34,516] INFO[122L][1528]:  * Running on http://127.0.0.1:5000/ (Press CTRL+C to quit)
[2019-07-16 11:13:36,640] INFO[122L][9516]: 127.0.0.1 - - [16/Jul/2019 11:13:36] "GET /run/1 HTTP/1.1" 200 -
[2019-07-16 11:13:41,483] INFO[92L][11828]: ('18833667947', {"retcode": "0", "ticket": "ST-NzIxMjk5NTQxNA==-1563246820-yf-A07F51FFA6F86BAC4EDD75DAD7CE6130-1", "uid": "7212995414", "nick": "用户7212995414"})
[2019-07-16 11:13:41,484] INFO[92L][11828]: ('18833667947', 登录成功)
[2019-07-16 11:13:44,789] INFO[92L][11828]: ('18833667947', 修改资料成功)
[2019-07-16 11:15:56,823] INFO[122L][5480]:  * Running on http://127.0.0.1:5000/ (Press CTRL+C to quit)
[2019-07-16 11:15:58,775] INFO[122L][476]: 127.0.0.1 - - [16/Jul/2019 11:15:58] "GET /run/1 HTTP/1.1" 200 -
[2019-07-16 11:17:16,969] INFO[122L][10836]:  * Running on http://127.0.0.1:5000/ (Press CTRL+C to quit)
[2019-07-16 11:17:19,535] INFO[122L][7456]: 127.0.0.1 - - [16/Jul/2019 11:17:19] "GET /run/1 HTTP/1.1" 200 -
[2019-07-16 11:17:31,323] INFO[92L][1660]: ('15063496347', {"retcode": "2070", "reason": "输入的验证码不正确"})
[2019-07-16 11:17:32,224] INFO[92L][1660]: ('15063496347', {"retcode": "0", "ticket": "ST-NzIxMzU1ODgxMw==-1563247051-tc-A81A3DD6994B9FBAD76170601FDD7D41-1", "uid": "7213558813", "nick": "用户7213558813"})
[2019-07-16 11:17:32,225] INFO[92L][1660]: ('15063496347', 登录成功)
[2019-07-16 11:17:37,463] INFO[92L][1660]: ('15063496347', 修改资料成功)
[2019-07-16 11:17:42,449] INFO[92L][1660]: ('15063496347', 关注[5675474690]成功)
[2019-07-16 11:17:42,536] INFO[92L][1660]: ('15063496347', 关注成功,同步到服务器结果[True])
[2019-07-16 11:17:46,936] INFO[92L][1660]: ('15063496347', 关注[5845406809]成功)
[2019-07-16 11:17:47,020] INFO[92L][1660]: ('15063496347', 关注成功,同步到服务器结果[True])
[2019-07-16 11:17:50,728] INFO[92L][1660]: ('15063496347', 关注[3119067673]成功)
[2019-07-16 11:17:50,803] INFO[92L][1660]: ('15063496347', 关注成功,同步到服务器结果[True])
[2019-07-16 11:17:54,618] INFO[92L][1660]: ('15063496347', 关注[6875640495]成功)
[2019-07-16 11:17:54,704] INFO[92L][1660]: ('15063496347', 关注成功,同步到服务器结果[True])
[2019-07-16 11:17:58,863] INFO[92L][1660]: ('15063496347', 关注[1659679980]成功)
[2019-07-16 11:17:58,948] INFO[92L][1660]: ('15063496347', 关注成功,同步到服务器结果[True])
