[2019-07-23 09:09:10,141] INFO[122L][7372]:  * Running on http://127.0.0.1:5000/ (Press CTRL+C to quit)
[2019-07-23 09:10:35,689] INFO[122L][1884]: 127.0.0.1 - - [23/Jul/2019 09:10:35] "POST /run HTTP/1.1" 200 -
[2019-07-23 09:10:50,361] INFO[92L][6236]: ('13950605171', {"retcode": "0", "ticket": "ST-NzIxNTM4MTI0Nw==-1563844248-gz-2376CEF984432FABC69C2E357045E715-1", "uid": "7215381247", "nick": "漫天雪舞沦落2019"})
[2019-07-23 09:10:50,368] INFO[92L][6236]: ('13950605171', 登录成功)
[2019-07-23 09:10:52,112] INFO[92L][6236]: ('13950605171', 开始执行微博转发评论点赞任务)
[2019-07-23 09:10:52,565] INFO[92L][6236]: ('13950605171', 转发[4396973069151711]失败:{"code": 100003, "msg": "你的帐号存在异常，暂时无法发博、发评论、加关注等，请先验证身份解除异常。(100003)", "data": {"location": "https://login.sina.com.cn/sguide/sguide.php?entry=pcfeed&r=http://weibo.com", "OKText": "解除异常", "cancelText": "取消"}})
[2019-07-23 09:10:52,851] INFO[92L][6236]: ('13950605171', 转发[4397140916307693]失败:{"code": 100003, "msg": "你的帐号存在异常，暂时无法发博、发评论、加关注等，请先验证身份解除异常。(100003)", "data": {"location": "https://login.sina.com.cn/sguide/sguide.php?entry=pcfeed&r=http://weibo.com", "OKText": "解除异常", "cancelText": "取消"}})
[2019-07-23 09:10:53,049] INFO[92L][6236]: ('13950605171', 转发[4393342584421434]失败:{"code": 100003, "msg": "你的帐号存在异常，暂时无法发博、发评论、加关注等，请先验证身份解除异常。(100003)", "data": {"location": "https://login.sina.com.cn/sguide/sguide.php?entry=pcfeed&r=http://weibo.com", "OKText": "解除异常", "cancelText": "取消"}})
[2019-07-23 09:10:53,371] INFO[92L][6236]: ('13950605171', 转发[4396953951680237]失败:{"code": 100003, "msg": "你的帐号存在异常，暂时无法发博、发评论、加关注等，请先验证身份解除异常。(100003)", "data": {"location": "https://login.sina.com.cn/sguide/sguide.php?entry=pcfeed&r=http://weibo.com", "OKText": "解除异常", "cancelText": "取消"}})
[2019-07-23 09:10:53,624] INFO[92L][6236]: ('13950605171', 转发[4397117848085534]失败:{"code": 100003, "msg": "你的帐号存在异常，暂时无法发博、发评论、加关注等，请先验证身份解除异常。(100003)", "data": {"location": "https://login.sina.com.cn/sguide/sguide.php?entry=pcfeed&r=http://weibo.com", "OKText": "解除异常", "cancelText": "取消"}})
[2019-07-23 09:10:53,918] INFO[92L][6236]: ('13950605171', 转发[4397130271968895]失败:{"code": 100003, "msg": "你的帐号存在异常，暂时无法发博、发评论、加关注等，请先验证身份解除异常。(100003)", "data": {"location": "https://login.sina.com.cn/sguide/sguide.php?entry=pcfeed&r=http://weibo.com", "OKText": "解除异常", "cancelText": "取消"}})
[2019-07-23 09:10:53,920] INFO[92L][6236]: ('13950605171', 完成微博转发评论点赞任务)
[2019-07-23 09:10:53,921] INFO[92L][6236]: ('13950605171', 开始执行微博单独评论任务)
[2019-07-23 09:10:54,585] INFO[92L][6236]: ('13950605171', 评论[4389983596851830]失败:{"code": 100003, "msg": "你的帐号存在异常，暂时无法发博、发评论、加关注等，请先验证身份解除异常。(100003)", "data": {"location": "https://login.sina.com.cn/sguide/sguide.php?entry=pcfeed&r=http://weibo.com", "OKText": "解除异常", "cancelText": "取消"}})
[2019-07-23 09:10:54,896] INFO[92L][6236]: ('13950605171', 评论[4387393966900474]失败:{"code": 100003, "msg": "你的帐号存在异常，暂时无法发博、发评论、加关注等，请先验证身份解除异常。(100003)", "data": {"location": "https://login.sina.com.cn/sguide/sguide.php?entry=pcfeed&r=http://weibo.com", "OKText": "解除异常", "cancelText": "取消"}})
[2019-07-23 09:10:55,214] INFO[92L][6236]: ('13950605171', 评论[4396972162811896]失败:{"code": 100003, "msg": "你的帐号存在异常，暂时无法发博、发评论、加关注等，请先验证身份解除异常。(100003)", "data": {"location": "https://login.sina.com.cn/sguide/sguide.php?entry=pcfeed&r=http://weibo.com", "OKText": "解除异常", "cancelText": "取消"}})
[2019-07-23 09:10:55,534] INFO[92L][6236]: ('13950605171', 评论[4387390443288608]失败:{"code": 100003, "msg": "你的帐号存在异常，暂时无法发博、发评论、加关注等，请先验证身份解除异常。(100003)", "data": {"location": "https://login.sina.com.cn/sguide/sguide.php?entry=pcfeed&r=http://weibo.com", "OKText": "解除异常", "cancelText": "取消"}})
[2019-07-23 09:10:55,860] INFO[92L][6236]: ('13950605171', 评论[4388089948308918]失败:{"code": 100003, "msg": "你的帐号存在异常，暂时无法发博、发评论、加关注等，请先验证身份解除异常。(100003)", "data": {"location": "https://login.sina.com.cn/sguide/sguide.php?entry=pcfeed&r=http://weibo.com", "OKText": "解除异常", "cancelText": "取消"}})
[2019-07-23 09:10:56,155] INFO[92L][6236]: ('13950605171', 评论[4396899534946265]失败:{"code": 100003, "msg": "你的帐号存在异常，暂时无法发博、发评论、加关注等，请先验证身份解除异常。(100003)", "data": {"location": "https://login.sina.com.cn/sguide/sguide.php?entry=pcfeed&r=http://weibo.com", "OKText": "解除异常", "cancelText": "取消"}})
[2019-07-23 09:10:58,021] INFO[92L][6236]: ('13950605171', 完成微博评论任务)
[2019-07-23 09:10:59,224] INFO[92L][6236]: ('13950605171', 关注[6452014161]失败:{"code": 100003, "msg": "你的帐号存在异常，暂时无法发博、发评论、加关注等，请先验证身份解除异常。(100003)", "data": {"location": "https://login.sina.com.cn/sguide/sguide.php?entry=pcfeed&r=http://weibo.com", "OKText": "解除异常", "cancelText": "取消"}})
[2019-07-23 09:11:00,019] INFO[92L][6236]: ('13950605171', 关注[2825834371]失败:{"code": 100003, "msg": "你的帐号存在异常，暂时无法发博、发评论、加关注等，请先验证身份解除异常。(100003)", "data": {"location": "https://login.sina.com.cn/sguide/sguide.php?entry=pcfeed&r=http://weibo.com", "OKText": "解除异常", "cancelText": "取消"}})
[2019-07-23 09:11:01,046] INFO[92L][6236]: ('13950605171', 关注[7240788637]失败:{"code": 100003, "msg": "你的帐号存在异常，暂时无法发博、发评论、加关注等，请先验证身份解除异常。(100003)", "data": {"location": "https://login.sina.com.cn/sguide/sguide.php?entry=pcfeed&r=http://weibo.com", "OKText": "解除异常", "cancelText": "取消"}})
[2019-07-23 09:11:02,089] INFO[92L][6236]: ('13950605171', 关注[1661525847]失败:{"code": 100003, "msg": "你的帐号存在异常，暂时无法发博、发评论、加关注等，请先验证身份解除异常。(100003)", "data": {"location": "https://login.sina.com.cn/sguide/sguide.php?entry=pcfeed&r=http://weibo.com", "OKText": "解除异常", "cancelText": "取消"}})
[2019-07-23 09:11:03,486] INFO[92L][6236]: ('13950605171', 关注[7190863832]失败:{"code": 100003, "msg": "你的帐号存在异常，暂时无法发博、发评论、加关注等，请先验证身份解除异常。(100003)", "data": {"location": "https://login.sina.com.cn/sguide/sguide.php?entry=pcfeed&r=http://weibo.com", "OKText": "解除异常", "cancelText": "取消"}})
[2019-07-23 09:11:04,530] INFO[92L][6236]: ('13950605171', 关注[2019184035]失败:{"code": 100003, "msg": "你的帐号存在异常，暂时无法发博、发评论、加关注等，请先验证身份解除异常。(100003)", "data": {"location": "https://login.sina.com.cn/sguide/sguide.php?entry=pcfeed&r=http://weibo.com", "OKText": "解除异常", "cancelText": "取消"}})
[2019-07-23 09:11:06,452] INFO[92L][6236]: ('13950605171', 完成微博关注任务)
[2019-07-23 09:11:10,764] INFO[92L][6236]: ('18294720743', {"retcode": "0", "ticket": "ST-NzIxNDg3NTYwNg==-1563844269-gz-1D5A3D18DE236D363ED200A328A1384A-1", "uid": "7214875606", "nick": "用户7214875606"})
[2019-07-23 09:11:10,766] INFO[92L][6236]: ('18294720743', 登录成功)
[2019-07-23 09:11:15,738] INFO[92L][6236]: ('18294720743', 开始执行微博转发评论点赞任务)
[2019-07-23 09:11:16,784] INFO[92L][6236]: ('18294720743', 转发[4396973069151711]失败:{"code": 100003, "msg": "你的帐号存在异常，暂时无法发博、发评论、加关注等，请先验证身份解除异常。(100003)", "data": {"location": "https://login.sina.com.cn/sguide/sguide.php?entry=pcfeed&r=http://weibo.com", "OKText": "解除异常", "cancelText": "取消"}})
[2019-07-23 09:11:17,320] INFO[92L][6236]: ('18294720743', 转发[4397140916307693]失败:{"code": 100003, "msg": "你的帐号存在异常，暂时无法发博、发评论、加关注等，请先验证身份解除异常。(100003)", "data": {"location": "https://login.sina.com.cn/sguide/sguide.php?entry=pcfeed&r=http://weibo.com", "OKText": "解除异常", "cancelText": "取消"}})
[2019-07-23 09:11:17,896] INFO[92L][6236]: ('18294720743', 转发[4393342584421434]失败:{"code": 100003, "msg": "你的帐号存在异常，暂时无法发博、发评论、加关注等，请先验证身份解除异常。(100003)", "data": {"location": "https://login.sina.com.cn/sguide/sguide.php?entry=pcfeed&r=http://weibo.com", "OKText": "解除异常", "cancelText": "取消"}})
[2019-07-23 09:11:18,337] INFO[92L][6236]: ('18294720743', 转发[4396953951680237]失败:{"code": 100003, "msg": "你的帐号存在异常，暂时无法发博、发评论、加关注等，请先验证身份解除异常。(100003)", "data": {"location": "https://login.sina.com.cn/sguide/sguide.php?entry=pcfeed&r=http://weibo.com", "OKText": "解除异常", "cancelText": "取消"}})
[2019-07-23 09:11:18,900] INFO[92L][6236]: ('18294720743', 转发[4397117848085534]失败:{"code": 100003, "msg": "你的帐号存在异常，暂时无法发博、发评论、加关注等，请先验证身份解除异常。(100003)", "data": {"location": "https://login.sina.com.cn/sguide/sguide.php?entry=pcfeed&r=http://weibo.com", "OKText": "解除异常", "cancelText": "取消"}})
[2019-07-23 09:11:19,315] INFO[92L][6236]: ('18294720743', 转发[4397130271968895]失败:{"code": 100003, "msg": "你的帐号存在异常，暂时无法发博、发评论、加关注等，请先验证身份解除异常。(100003)", "data": {"location": "https://login.sina.com.cn/sguide/sguide.php?entry=pcfeed&r=http://weibo.com", "OKText": "解除异常", "cancelText": "取消"}})
[2019-07-23 09:11:19,317] INFO[92L][6236]: ('18294720743', 完成微博转发评论点赞任务)
[2019-07-23 09:11:19,318] INFO[92L][6236]: ('18294720743', 开始执行微博单独评论任务)
[2019-07-23 09:11:20,307] INFO[92L][6236]: ('18294720743', 评论[4389983596851830]失败:{"code": 100003, "msg": "你的帐号存在异常，暂时无法发博、发评论、加关注等，请先验证身份解除异常。(100003)", "data": {"location": "https://login.sina.com.cn/sguide/sguide.php?entry=pcfeed&r=http://weibo.com", "OKText": "解除异常", "cancelText": "取消"}})
[2019-07-23 09:11:20,708] INFO[92L][6236]: ('18294720743', 评论[4387393966900474]失败:{"code": 100003, "msg": "你的帐号存在异常，暂时无法发博、发评论、加关注等，请先验证身份解除异常。(100003)", "data": {"location": "https://login.sina.com.cn/sguide/sguide.php?entry=pcfeed&r=http://weibo.com", "OKText": "解除异常", "cancelText": "取消"}})
[2019-07-23 09:11:21,071] INFO[92L][6236]: ('18294720743', 评论[4396972162811896]失败:{"code": 100003, "msg": "你的帐号存在异常，暂时无法发博、发评论、加关注等，请先验证身份解除异常。(100003)", "data": {"location": "https://login.sina.com.cn/sguide/sguide.php?entry=pcfeed&r=http://weibo.com", "OKText": "解除异常", "cancelText": "取消"}})
[2019-07-23 09:11:21,690] INFO[92L][6236]: ('18294720743', 评论[4387390443288608]失败:{"code": 100003, "msg": "你的帐号存在异常，暂时无法发博、发评论、加关注等，请先验证身份解除异常。(100003)", "data": {"location": "https://login.sina.com.cn/sguide/sguide.php?entry=pcfeed&r=http://weibo.com", "OKText": "解除异常", "cancelText": "取消"}})
[2019-07-23 09:11:22,408] INFO[92L][6236]: ('18294720743', 评论[4388089948308918]失败:{"code": 100003, "msg": "你的帐号存在异常，暂时无法发博、发评论、加关注等，请先验证身份解除异常。(100003)", "data": {"location": "https://login.sina.com.cn/sguide/sguide.php?entry=pcfeed&r=http://weibo.com", "OKText": "解除异常", "cancelText": "取消"}})
[2019-07-23 09:11:23,086] INFO[92L][6236]: ('18294720743', 评论[4396899534946265]失败:{"code": 100003, "msg": "你的帐号存在异常，暂时无法发博、发评论、加关注等，请先验证身份解除异常。(100003)", "data": {"location": "https://login.sina.com.cn/sguide/sguide.php?entry=pcfeed&r=http://weibo.com", "OKText": "解除异常", "cancelText": "取消"}})
[2019-07-23 09:11:24,896] INFO[92L][6236]: ('18294720743', 完成微博评论任务)
[2019-07-23 09:11:30,982] INFO[92L][6236]: ('18294720743', 关注[3873538112]失败:{"code": 100003, "msg": "你的帐号存在异常，暂时无法发博、发评论、加关注等，请先验证身份解除异常。(100003)", "data": {"location": "https://login.sina.com.cn/sguide/sguide.php?entry=pcfeed&r=http://weibo.com", "OKText": "解除异常", "cancelText": "取消"}})
[2019-07-23 09:11:33,581] INFO[92L][6236]: ('18294720743', 关注[6354549358]失败:{"code": 100003, "msg": "你的帐号存在异常，暂时无法发博、发评论、加关注等，请先验证身份解除异常。(100003)", "data": {"location": "https://login.sina.com.cn/sguide/sguide.php?entry=pcfeed&r=http://weibo.com", "OKText": "解除异常", "cancelText": "取消"}})
[2019-07-23 09:11:39,026] INFO[92L][6236]: ('18294720743', 关注[1662605485]失败:{"code": 100003, "msg": "你的帐号存在异常，暂时无法发博、发评论、加关注等，请先验证身份解除异常。(100003)", "data": {"location": "https://login.sina.com.cn/sguide/sguide.php?entry=pcfeed&r=http://weibo.com", "OKText": "解除异常", "cancelText": "取消"}})
[2019-07-23 09:11:41,894] INFO[92L][6236]: ('18294720743', 关注[2092930303]失败:{"code": 100003, "msg": "你的帐号存在异常，暂时无法发博、发评论、加关注等，请先验证身份解除异常。(100003)", "data": {"location": "https://login.sina.com.cn/sguide/sguide.php?entry=pcfeed&r=http://weibo.com", "OKText": "解除异常", "cancelText": "取消"}})
[2019-07-23 09:11:43,788] INFO[92L][6236]: ('18294720743', 关注[5859889753]失败:{"code": 100003, "msg": "你的帐号存在异常，暂时无法发博、发评论、加关注等，请先验证身份解除异常。(100003)", "data": {"location": "https://login.sina.com.cn/sguide/sguide.php?entry=pcfeed&r=http://weibo.com", "OKText": "解除异常", "cancelText": "取消"}})
[2019-07-23 09:11:46,298] INFO[92L][6236]: ('18294720743', 关注[5311552463]失败:{"code": 100003, "msg": "你的帐号存在异常，暂时无法发博、发评论、加关注等，请先验证身份解除异常。(100003)", "data": {"location": "https://login.sina.com.cn/sguide/sguide.php?entry=pcfeed&r=http://weibo.com", "OKText": "解除异常", "cancelText": "取消"}})
[2019-07-23 09:11:48,279] INFO[92L][6236]: ('18294720743', 完成微博关注任务)
[2019-07-23 09:11:51,227] INFO[92L][6236]: ('18170852188', {"retcode": "0", "ticket": "ST-NzIxNTM4MDM2OA==-1563844309-gz-BBB6BAC64FB98820D2607CE4B67BAD65-1", "uid": "7215380368", "nick": "丿宠儿灬恋丨战队2008"})
[2019-07-23 09:11:51,230] INFO[92L][6236]: ('18170852188', 登录成功)
[2019-07-23 09:11:53,057] INFO[92L][6236]: ('18170852188', 开始执行微博转发评论点赞任务)
[2019-07-23 09:11:53,610] INFO[92L][6236]: ('18170852188', 转发[4396973069151711]失败:{"code": 100003, "msg": "你的帐号存在异常，暂时无法发博、发评论、加关注等，请先验证身份解除异常。(100003)", "data": {"location": "https://login.sina.com.cn/sguide/sguide.php?entry=pcfeed&r=http://weibo.com", "OKText": "解除异常", "cancelText": "取消"}})
[2019-07-23 09:11:53,920] INFO[92L][6236]: ('18170852188', 转发[4397140916307693]失败:{"code": 100003, "msg": "你的帐号存在异常，暂时无法发博、发评论、加关注等，请先验证身份解除异常。(100003)", "data": {"location": "https://login.sina.com.cn/sguide/sguide.php?entry=pcfeed&r=http://weibo.com", "OKText": "解除异常", "cancelText": "取消"}})
[2019-07-23 09:11:54,120] INFO[92L][6236]: ('18170852188', 转发[4393342584421434]失败:{"code": 100003, "msg": "你的帐号存在异常，暂时无法发博、发评论、加关注等，请先验证身份解除异常。(100003)", "data": {"location": "https://login.sina.com.cn/sguide/sguide.php?entry=pcfeed&r=http://weibo.com", "OKText": "解除异常", "cancelText": "取消"}})
[2019-07-23 09:11:54,378] INFO[92L][6236]: ('18170852188', 转发[4396953951680237]失败:{"code": 100003, "msg": "你的帐号存在异常，暂时无法发博、发评论、加关注等，请先验证身份解除异常。(100003)", "data": {"location": "https://login.sina.com.cn/sguide/sguide.php?entry=pcfeed&r=http://weibo.com", "OKText": "解除异常", "cancelText": "取消"}})
[2019-07-23 09:11:54,591] INFO[92L][6236]: ('18170852188', 转发[4397117848085534]失败:{"code": 100003, "msg": "你的帐号存在异常，暂时无法发博、发评论、加关注等，请先验证身份解除异常。(100003)", "data": {"location": "https://login.sina.com.cn/sguide/sguide.php?entry=pcfeed&r=http://weibo.com", "OKText": "解除异常", "cancelText": "取消"}})
[2019-07-23 09:11:54,879] INFO[92L][6236]: ('18170852188', 转发[4397130271968895]失败:{"code": 100003, "msg": "你的帐号存在异常，暂时无法发博、发评论、加关注等，请先验证身份解除异常。(100003)", "data": {"location": "https://login.sina.com.cn/sguide/sguide.php?entry=pcfeed&r=http://weibo.com", "OKText": "解除异常", "cancelText": "取消"}})
[2019-07-23 09:11:54,881] INFO[92L][6236]: ('18170852188', 完成微博转发评论点赞任务)
[2019-07-23 09:11:54,882] INFO[92L][6236]: ('18170852188', 开始执行微博单独评论任务)
[2019-07-23 09:11:55,448] INFO[92L][6236]: ('18170852188', 评论[4389983596851830]失败:{"code": 100003, "msg": "你的帐号存在异常，暂时无法发博、发评论、加关注等，请先验证身份解除异常。(100003)", "data": {"location": "https://login.sina.com.cn/sguide/sguide.php?entry=pcfeed&r=http://weibo.com", "OKText": "解除异常", "cancelText": "取消"}})
[2019-07-23 09:11:55,784] INFO[92L][6236]: ('18170852188', 评论[4387393966900474]失败:{"code": 100003, "msg": "你的帐号存在异常，暂时无法发博、发评论、加关注等，请先验证身份解除异常。(100003)", "data": {"location": "https://login.sina.com.cn/sguide/sguide.php?entry=pcfeed&r=http://weibo.com", "OKText": "解除异常", "cancelText": "取消"}})
[2019-07-23 09:11:56,092] INFO[92L][6236]: ('18170852188', 评论[4396972162811896]失败:{"code": 100003, "msg": "你的帐号存在异常，暂时无法发博、发评论、加关注等，请先验证身份解除异常。(100003)", "data": {"location": "https://login.sina.com.cn/sguide/sguide.php?entry=pcfeed&r=http://weibo.com", "OKText": "解除异常", "cancelText": "取消"}})
[2019-07-23 09:11:56,387] INFO[92L][6236]: ('18170852188', 评论[4387390443288608]失败:{"code": 100003, "msg": "你的帐号存在异常，暂时无法发博、发评论、加关注等，请先验证身份解除异常。(100003)", "data": {"location": "https://login.sina.com.cn/sguide/sguide.php?entry=pcfeed&r=http://weibo.com", "OKText": "解除异常", "cancelText": "取消"}})
[2019-07-23 09:11:56,670] INFO[92L][6236]: ('18170852188', 评论[4388089948308918]失败:{"code": 100003, "msg": "你的帐号存在异常，暂时无法发博、发评论、加关注等，请先验证身份解除异常。(100003)", "data": {"location": "https://login.sina.com.cn/sguide/sguide.php?entry=pcfeed&r=http://weibo.com", "OKText": "解除异常", "cancelText": "取消"}})
[2019-07-23 09:11:56,940] INFO[92L][6236]: ('18170852188', 评论[4396899534946265]失败:{"code": 100003, "msg": "你的帐号存在异常，暂时无法发博、发评论、加关注等，请先验证身份解除异常。(100003)", "data": {"location": "https://login.sina.com.cn/sguide/sguide.php?entry=pcfeed&r=http://weibo.com", "OKText": "解除异常", "cancelText": "取消"}})
[2019-07-23 09:11:58,731] INFO[92L][6236]: ('18170852188', 完成微博评论任务)
[2019-07-23 09:11:59,932] INFO[92L][6236]: ('18170852188', 关注[5311552463]失败:{"code": 100003, "msg": "你的帐号存在异常，暂时无法发博、发评论、加关注等，请先验证身份解除异常。(100003)", "data": {"location": "https://login.sina.com.cn/sguide/sguide.php?entry=pcfeed&r=http://weibo.com", "OKText": "解除异常", "cancelText": "取消"}})
[2019-07-23 09:12:00,888] INFO[92L][6236]: ('18170852188', 关注[5360520375]失败:{"code": 100003, "msg": "你的帐号存在异常，暂时无法发博、发评论、加关注等，请先验证身份解除异常。(100003)", "data": {"location": "https://login.sina.com.cn/sguide/sguide.php?entry=pcfeed&r=http://weibo.com", "OKText": "解除异常", "cancelText": "取消"}})
[2019-07-23 09:12:02,300] INFO[92L][6236]: ('18170852188', 关注[2293205450]失败:{"code": 100003, "msg": "你的帐号存在异常，暂时无法发博、发评论、加关注等，请先验证身份解除异常。(100003)", "data": {"location": "https://login.sina.com.cn/sguide/sguide.php?entry=pcfeed&r=http://weibo.com", "OKText": "解除异常", "cancelText": "取消"}})
[2019-07-23 09:12:03,148] INFO[92L][6236]: ('18170852188', 关注[1661663407]失败:{"code": 100003, "msg": "你的帐号存在异常，暂时无法发博、发评论、加关注等，请先验证身份解除异常。(100003)", "data": {"location": "https://login.sina.com.cn/sguide/sguide.php?entry=pcfeed&r=http://weibo.com", "OKText": "解除异常", "cancelText": "取消"}})
[2019-07-23 09:12:04,585] INFO[92L][6236]: ('18170852188', 关注[3573095135]失败:{"code": 100003, "msg": "你的帐号存在异常，暂时无法发博、发评论、加关注等，请先验证身份解除异常。(100003)", "data": {"location": "https://login.sina.com.cn/sguide/sguide.php?entry=pcfeed&r=http://weibo.com", "OKText": "解除异常", "cancelText": "取消"}})
[2019-07-23 09:12:05,610] INFO[92L][6236]: ('18170852188', 关注[1729231194]失败:{"code": 100003, "msg": "你的帐号存在异常，暂时无法发博、发评论、加关注等，请先验证身份解除异常。(100003)", "data": {"location": "https://login.sina.com.cn/sguide/sguide.php?entry=pcfeed&r=http://weibo.com", "OKText": "解除异常", "cancelText": "取消"}})
[2019-07-23 09:12:07,640] INFO[92L][6236]: ('18170852188', 完成微博关注任务)
[2019-07-23 09:12:12,287] INFO[92L][6236]: ('18635970539', {"retcode": "2070", "reason": "输入的验证码不正确"})
[2019-07-23 09:12:13,002] INFO[92L][6236]: ('18635970539', {"retcode": "0", "ticket": "ST-NzIxNTM3ODM1OA==-1563844331-yf-5C124768DADD0DA8960127AFF7E43CE3-1", "uid": "7215378358", "nick": "夏熬成一秋1997"})
[2019-07-23 09:12:13,005] INFO[92L][6236]: ('18635970539', 登录成功)
[2019-07-23 09:12:14,594] INFO[92L][6236]: ('18635970539', 开始执行微博转发评论点赞任务)
[2019-07-23 09:12:15,083] INFO[92L][6236]: ('18635970539', 转发[4396973069151711]失败:{"code": 100003, "msg": "你的帐号存在异常，暂时无法发博、发评论、加关注等，请先验证身份解除异常。(100003)", "data": {"location": "https://login.sina.com.cn/sguide/sguide.php?entry=pcfeed&r=http://weibo.com", "OKText": "解除异常", "cancelText": "取消"}})
[2019-07-23 09:12:15,385] INFO[92L][6236]: ('18635970539', 转发[4397140916307693]失败:{"code": 100003, "msg": "你的帐号存在异常，暂时无法发博、发评论、加关注等，请先验证身份解除异常。(100003)", "data": {"location": "https://login.sina.com.cn/sguide/sguide.php?entry=pcfeed&r=http://weibo.com", "OKText": "解除异常", "cancelText": "取消"}})
[2019-07-23 09:12:15,591] INFO[92L][6236]: ('18635970539', 转发[4393342584421434]失败:{"code": 100003, "msg": "你的帐号存在异常，暂时无法发博、发评论、加关注等，请先验证身份解除异常。(100003)", "data": {"location": "https://login.sina.com.cn/sguide/sguide.php?entry=pcfeed&r=http://weibo.com", "OKText": "解除异常", "cancelText": "取消"}})
[2019-07-23 09:12:15,877] INFO[92L][6236]: ('18635970539', 转发[4396953951680237]失败:{"code": 100003, "msg": "你的帐号存在异常，暂时无法发博、发评论、加关注等，请先验证身份解除异常。(100003)", "data": {"location": "https://login.sina.com.cn/sguide/sguide.php?entry=pcfeed&r=http://weibo.com", "OKText": "解除异常", "cancelText": "取消"}})
[2019-07-23 09:12:16,116] INFO[92L][6236]: ('18635970539', 转发[4397117848085534]失败:{"code": 100003, "msg": "你的帐号存在异常，暂时无法发博、发评论、加关注等，请先验证身份解除异常。(100003)", "data": {"location": "https://login.sina.com.cn/sguide/sguide.php?entry=pcfeed&r=http://weibo.com", "OKText": "解除异常", "cancelText": "取消"}})
[2019-07-23 09:12:16,422] INFO[92L][6236]: ('18635970539', 转发[4397130271968895]失败:{"code": 100003, "msg": "你的帐号存在异常，暂时无法发博、发评论、加关注等，请先验证身份解除异常。(100003)", "data": {"location": "https://login.sina.com.cn/sguide/sguide.php?entry=pcfeed&r=http://weibo.com", "OKText": "解除异常", "cancelText": "取消"}})
[2019-07-23 09:12:16,425] INFO[92L][6236]: ('18635970539', 完成微博转发评论点赞任务)
[2019-07-23 09:12:16,425] INFO[92L][6236]: ('18635970539', 开始执行微博单独评论任务)
[2019-07-23 09:12:17,085] INFO[92L][6236]: ('18635970539', 评论[4389983596851830]失败:{"code": 100003, "msg": "你的帐号存在异常，暂时无法发博、发评论、加关注等，请先验证身份解除异常。(100003)", "data": {"location": "https://login.sina.com.cn/sguide/sguide.php?entry=pcfeed&r=http://weibo.com", "OKText": "解除异常", "cancelText": "取消"}})
[2019-07-23 09:12:17,465] INFO[92L][6236]: ('18635970539', 评论[4387393966900474]失败:{"code": 100003, "msg": "你的帐号存在异常，暂时无法发博、发评论、加关注等，请先验证身份解除异常。(100003)", "data": {"location": "https://login.sina.com.cn/sguide/sguide.php?entry=pcfeed&r=http://weibo.com", "OKText": "解除异常", "cancelText": "取消"}})
[2019-07-23 09:12:17,744] INFO[92L][6236]: ('18635970539', 评论[4396972162811896]失败:{"code": 100003, "msg": "你的帐号存在异常，暂时无法发博、发评论、加关注等，请先验证身份解除异常。(100003)", "data": {"location": "https://login.sina.com.cn/sguide/sguide.php?entry=pcfeed&r=http://weibo.com", "OKText": "解除异常", "cancelText": "取消"}})
[2019-07-23 09:12:18,006] INFO[92L][6236]: ('18635970539', 评论[4387390443288608]失败:{"code": 100003, "msg": "你的帐号存在异常，暂时无法发博、发评论、加关注等，请先验证身份解除异常。(100003)", "data": {"location": "https://login.sina.com.cn/sguide/sguide.php?entry=pcfeed&r=http://weibo.com", "OKText": "解除异常", "cancelText": "取消"}})
[2019-07-23 09:12:18,333] INFO[92L][6236]: ('18635970539', 评论[4388089948308918]失败:{"code": 100003, "msg": "你的帐号存在异常，暂时无法发博、发评论、加关注等，请先验证身份解除异常。(100003)", "data": {"location": "https://login.sina.com.cn/sguide/sguide.php?entry=pcfeed&r=http://weibo.com", "OKText": "解除异常", "cancelText": "取消"}})
[2019-07-23 09:12:18,626] INFO[92L][6236]: ('18635970539', 评论[4396899534946265]失败:{"code": 100003, "msg": "你的帐号存在异常，暂时无法发博、发评论、加关注等，请先验证身份解除异常。(100003)", "data": {"location": "https://login.sina.com.cn/sguide/sguide.php?entry=pcfeed&r=http://weibo.com", "OKText": "解除异常", "cancelText": "取消"}})
[2019-07-23 09:12:20,422] INFO[92L][6236]: ('18635970539', 完成微博评论任务)
[2019-07-23 09:12:21,418] INFO[92L][6236]: ('18635970539', 关注[1729231194]失败:{"code": 100003, "msg": "你的帐号存在异常，暂时无法发博、发评论、加关注等，请先验证身份解除异常。(100003)", "data": {"location": "https://login.sina.com.cn/sguide/sguide.php?entry=pcfeed&r=http://weibo.com", "OKText": "解除异常", "cancelText": "取消"}})
[2019-07-23 09:12:22,363] INFO[92L][6236]: ('18635970539', 关注[7073632597]失败:{"code": 100003, "msg": "你的帐号存在异常，暂时无法发博、发评论、加关注等，请先验证身份解除异常。(100003)", "data": {"location": "https://login.sina.com.cn/sguide/sguide.php?entry=pcfeed&r=http://weibo.com", "OKText": "解除异常", "cancelText": "取消"}})
[2019-07-23 09:12:23,485] INFO[92L][6236]: ('18635970539', 关注[5545649999]失败:{"code": 100003, "msg": "你的帐号存在异常，暂时无法发博、发评论、加关注等，请先验证身份解除异常。(100003)", "data": {"location": "https://login.sina.com.cn/sguide/sguide.php?entry=pcfeed&r=http://weibo.com", "OKText": "解除异常", "cancelText": "取消"}})
[2019-07-23 09:12:24,871] INFO[92L][6236]: ('18635970539', 关注[6026921854]失败:{"code": 100003, "msg": "你的帐号存在异常，暂时无法发博、发评论、加关注等，请先验证身份解除异常。(100003)", "data": {"location": "https://login.sina.com.cn/sguide/sguide.php?entry=pcfeed&r=http://weibo.com", "OKText": "解除异常", "cancelText": "取消"}})
[2019-07-23 09:12:25,933] INFO[92L][6236]: ('18635970539', 关注[1817261467]失败:{"code": 100003, "msg": "你的帐号存在异常，暂时无法发博、发评论、加关注等，请先验证身份解除异常。(100003)", "data": {"location": "https://login.sina.com.cn/sguide/sguide.php?entry=pcfeed&r=http://weibo.com", "OKText": "解除异常", "cancelText": "取消"}})
[2019-07-23 09:12:26,866] INFO[92L][6236]: ('18635970539', 关注[5991127406]失败:{"code": 100003, "msg": "你的帐号存在异常，暂时无法发博、发评论、加关注等，请先验证身份解除异常。(100003)", "data": {"location": "https://login.sina.com.cn/sguide/sguide.php?entry=pcfeed&r=http://weibo.com", "OKText": "解除异常", "cancelText": "取消"}})
[2019-07-23 09:12:28,741] INFO[92L][6236]: ('18635970539', 完成微博关注任务)
[2019-07-23 09:12:31,268] INFO[92L][6236]: ('15169938959', {"retcode": "0", "ticket": "ST-NzIxNDg3Mjc3Ng==-1563844349-gz-E1E311B16F45C428AA0758DD22523B64-1", "uid": "7214872776", "nick": "看完成绩泪流满面1995"})
[2019-07-23 09:12:31,270] INFO[92L][6236]: ('15169938959', 登录成功)
[2019-07-23 09:12:33,250] INFO[92L][6236]: ('15169938959', 开始执行微博转发评论点赞任务)
[2019-07-23 09:12:34,204] INFO[92L][6236]: ('15169938959', 转发[4396973069151711]失败:{"code": 100003, "msg": "你的帐号存在异常，暂时无法发博、发评论、加关注等，请先验证身份解除异常。(100003)", "data": {"location": "https://login.sina.com.cn/sguide/sguide.php?entry=pcfeed&r=http://weibo.com", "OKText": "解除异常", "cancelText": "取消"}})
[2019-07-23 09:12:34,600] INFO[92L][6236]: ('15169938959', 转发[4397140916307693]失败:{"code": 100003, "msg": "你的帐号存在异常，暂时无法发博、发评论、加关注等，请先验证身份解除异常。(100003)", "data": {"location": "https://login.sina.com.cn/sguide/sguide.php?entry=pcfeed&r=http://weibo.com", "OKText": "解除异常", "cancelText": "取消"}})
[2019-07-23 09:12:34,848] INFO[92L][6236]: ('15169938959', 转发[4393342584421434]失败:{"code": 100003, "msg": "你的帐号存在异常，暂时无法发博、发评论、加关注等，请先验证身份解除异常。(100003)", "data": {"location": "https://login.sina.com.cn/sguide/sguide.php?entry=pcfeed&r=http://weibo.com", "OKText": "解除异常", "cancelText": "取消"}})
[2019-07-23 09:12:35,182] INFO[92L][6236]: ('15169938959', 转发[4396953951680237]失败:{"code": 100003, "msg": "你的帐号存在异常，暂时无法发博、发评论、加关注等，请先验证身份解除异常。(100003)", "data": {"location": "https://login.sina.com.cn/sguide/sguide.php?entry=pcfeed&r=http://weibo.com", "OKText": "解除异常", "cancelText": "取消"}})
[2019-07-23 09:12:35,422] INFO[92L][6236]: ('15169938959', 转发[4397117848085534]失败:{"code": 100003, "msg": "你的帐号存在异常，暂时无法发博、发评论、加关注等，请先验证身份解除异常。(100003)", "data": {"location": "https://login.sina.com.cn/sguide/sguide.php?entry=pcfeed&r=http://weibo.com", "OKText": "解除异常", "cancelText": "取消"}})
[2019-07-23 09:12:35,778] INFO[92L][6236]: ('15169938959', 转发[4397130271968895]失败:{"code": 100003, "msg": "你的帐号存在异常，暂时无法发博、发评论、加关注等，请先验证身份解除异常。(100003)", "data": {"location": "https://login.sina.com.cn/sguide/sguide.php?entry=pcfeed&r=http://weibo.com", "OKText": "解除异常", "cancelText": "取消"}})
[2019-07-23 09:12:35,781] INFO[92L][6236]: ('15169938959', 完成微博转发评论点赞任务)
[2019-07-23 09:12:35,781] INFO[92L][6236]: ('15169938959', 开始执行微博单独评论任务)
[2019-07-23 09:12:36,941] INFO[92L][6236]: ('15169938959', 评论[4389983596851830]失败:{"code": 100003, "msg": "你的帐号存在异常，暂时无法发博、发评论、加关注等，请先验证身份解除异常。(100003)", "data": {"location": "https://login.sina.com.cn/sguide/sguide.php?entry=pcfeed&r=http://weibo.com", "OKText": "解除异常", "cancelText": "取消"}})
[2019-07-23 09:12:37,309] INFO[92L][6236]: ('15169938959', 评论[4387393966900474]失败:{"code": 100003, "msg": "你的帐号存在异常，暂时无法发博、发评论、加关注等，请先验证身份解除异常。(100003)", "data": {"location": "https://login.sina.com.cn/sguide/sguide.php?entry=pcfeed&r=http://weibo.com", "OKText": "解除异常", "cancelText": "取消"}})
[2019-07-23 09:12:37,646] INFO[92L][6236]: ('15169938959', 评论[4396972162811896]失败:{"code": 100003, "msg": "你的帐号存在异常，暂时无法发博、发评论、加关注等，请先验证身份解除异常。(100003)", "data": {"location": "https://login.sina.com.cn/sguide/sguide.php?entry=pcfeed&r=http://weibo.com", "OKText": "解除异常", "cancelText": "取消"}})
[2019-07-23 09:12:37,942] INFO[92L][6236]: ('15169938959', 评论[4387390443288608]失败:{"code": 100003, "msg": "你的帐号存在异常，暂时无法发博、发评论、加关注等，请先验证身份解除异常。(100003)", "data": {"location": "https://login.sina.com.cn/sguide/sguide.php?entry=pcfeed&r=http://weibo.com", "OKText": "解除异常", "cancelText": "取消"}})
[2019-07-23 09:12:38,267] INFO[92L][6236]: ('15169938959', 评论[4388089948308918]失败:{"code": 100003, "msg": "你的帐号存在异常，暂时无法发博、发评论、加关注等，请先验证身份解除异常。(100003)", "data": {"location": "https://login.sina.com.cn/sguide/sguide.php?entry=pcfeed&r=http://weibo.com", "OKText": "解除异常", "cancelText": "取消"}})
[2019-07-23 09:12:38,593] INFO[92L][6236]: ('15169938959', 评论[4396899534946265]失败:{"code": 100003, "msg": "你的帐号存在异常，暂时无法发博、发评论、加关注等，请先验证身份解除异常。(100003)", "data": {"location": "https://login.sina.com.cn/sguide/sguide.php?entry=pcfeed&r=http://weibo.com", "OKText": "解除异常", "cancelText": "取消"}})
[2019-07-23 09:12:40,440] INFO[92L][6236]: ('15169938959', 完成微博评论任务)
[2019-07-23 09:12:42,020] INFO[92L][6236]: ('15169938959', 关注[1817261467]失败:{"code": 100003, "msg": "你的帐号存在异常，暂时无法发博、发评论、加关注等，请先验证身份解除异常。(100003)", "data": {"location": "https://login.sina.com.cn/sguide/sguide.php?entry=pcfeed&r=http://weibo.com", "OKText": "解除异常", "cancelText": "取消"}})
[2019-07-23 09:12:43,644] INFO[92L][6236]: ('15169938959', 关注[5991127406]失败:{"code": 100003, "msg": "你的帐号存在异常，暂时无法发博、发评论、加关注等，请先验证身份解除异常。(100003)", "data": {"location": "https://login.sina.com.cn/sguide/sguide.php?entry=pcfeed&r=http://weibo.com", "OKText": "解除异常", "cancelText": "取消"}})
[2019-07-23 09:12:45,039] INFO[92L][6236]: ('15169938959', 关注[1660921984]失败:{"code": 100003, "msg": "你的帐号存在异常，暂时无法发博、发评论、加关注等，请先验证身份解除异常。(100003)", "data": {"location": "https://login.sina.com.cn/sguide/sguide.php?entry=pcfeed&r=http://weibo.com", "OKText": "解除异常", "cancelText": "取消"}})
[2019-07-23 09:12:46,474] INFO[92L][6236]: ('15169938959', 关注[5112059139]失败:{"code": 100003, "msg": "你的帐号存在异常，暂时无法发博、发评论、加关注等，请先验证身份解除异常。(100003)", "data": {"location": "https://login.sina.com.cn/sguide/sguide.php?entry=pcfeed&r=http://weibo.com", "OKText": "解除异常", "cancelText": "取消"}})
[2019-07-23 09:12:48,389] INFO[92L][6236]: ('15169938959', 关注[2090039047]失败:{"code": 100003, "msg": "你的帐号存在异常，暂时无法发博、发评论、加关注等，请先验证身份解除异常。(100003)", "data": {"location": "https://login.sina.com.cn/sguide/sguide.php?entry=pcfeed&r=http://weibo.com", "OKText": "解除异常", "cancelText": "取消"}})
[2019-07-23 09:12:49,716] INFO[92L][6236]: ('15169938959', 关注[5662675463]失败:{"code": 100003, "msg": "你的帐号存在异常，暂时无法发博、发评论、加关注等，请先验证身份解除异常。(100003)", "data": {"location": "https://login.sina.com.cn/sguide/sguide.php?entry=pcfeed&r=http://weibo.com", "OKText": "解除异常", "cancelText": "取消"}})
[2019-07-23 09:12:51,975] INFO[92L][6236]: ('15169938959', 完成微博关注任务)
[2019-07-23 09:12:54,868] INFO[92L][6236]: ('13852816493', {"retcode": "0", "ticket": "ST-NzIxNDg3MDA5MQ==-1563844373-gz-650D4B88BE44DDA84B345DC14F47B661-1", "uid": "7214870091", "nick": "手交给我2010"})
[2019-07-23 09:12:54,871] INFO[92L][6236]: ('13852816493', 登录成功)
[2019-07-23 09:12:56,927] INFO[92L][6236]: ('13852816493', 开始执行微博转发评论点赞任务)
[2019-07-23 09:12:57,437] INFO[92L][6236]: ('13852816493', 转发[4396973069151711]失败:{"code": 100003, "msg": "你的帐号存在异常，暂时无法发博、发评论、加关注等，请先验证身份解除异常。(100003)", "data": {"location": "https://login.sina.com.cn/sguide/sguide.php?entry=pcfeed&r=http://weibo.com", "OKText": "解除异常", "cancelText": "取消"}})
[2019-07-23 09:12:57,823] INFO[92L][6236]: ('13852816493', 转发[4397140916307693]失败:{"code": 100003, "msg": "你的帐号存在异常，暂时无法发博、发评论、加关注等，请先验证身份解除异常。(100003)", "data": {"location": "https://login.sina.com.cn/sguide/sguide.php?entry=pcfeed&r=http://weibo.com", "OKText": "解除异常", "cancelText": "取消"}})
[2019-07-23 09:12:58,144] INFO[92L][6236]: ('13852816493', 转发[4393342584421434]失败:{"code": 100003, "msg": "你的帐号存在异常，暂时无法发博、发评论、加关注等，请先验证身份解除异常。(100003)", "data": {"location": "https://login.sina.com.cn/sguide/sguide.php?entry=pcfeed&r=http://weibo.com", "OKText": "解除异常", "cancelText": "取消"}})
[2019-07-23 09:12:58,534] INFO[92L][6236]: ('13852816493', 转发[4396953951680237]失败:{"code": 100003, "msg": "你的帐号存在异常，暂时无法发博、发评论、加关注等，请先验证身份解除异常。(100003)", "data": {"location": "https://login.sina.com.cn/sguide/sguide.php?entry=pcfeed&r=http://weibo.com", "OKText": "解除异常", "cancelText": "取消"}})
[2019-07-23 09:12:59,039] INFO[92L][6236]: ('13852816493', 转发[4397117848085534]失败:{"code": 100003, "msg": "你的帐号存在异常，暂时无法发博、发评论、加关注等，请先验证身份解除异常。(100003)", "data": {"location": "https://login.sina.com.cn/sguide/sguide.php?entry=pcfeed&r=http://weibo.com", "OKText": "解除异常", "cancelText": "取消"}})
[2019-07-23 09:12:59,325] INFO[92L][6236]: ('13852816493', 转发[4397130271968895]失败:{"code": 100003, "msg": "你的帐号存在异常，暂时无法发博、发评论、加关注等，请先验证身份解除异常。(100003)", "data": {"location": "https://login.sina.com.cn/sguide/sguide.php?entry=pcfeed&r=http://weibo.com", "OKText": "解除异常", "cancelText": "取消"}})
[2019-07-23 09:12:59,328] INFO[92L][6236]: ('13852816493', 完成微博转发评论点赞任务)
[2019-07-23 09:12:59,328] INFO[92L][6236]: ('13852816493', 开始执行微博单独评论任务)
[2019-07-23 09:12:59,992] INFO[92L][6236]: ('13852816493', 评论[4387362983757962]失败:{"code": 100003, "msg": "你的帐号存在异常，暂时无法发博、发评论、加关注等，请先验证身份解除异常。(100003)", "data": {"location": "https://login.sina.com.cn/sguide/sguide.php?entry=pcfeed&r=http://weibo.com", "OKText": "解除异常", "cancelText": "取消"}})
[2019-07-23 09:13:00,309] INFO[92L][6236]: ('13852816493', 评论[4396953951680237]失败:{"code": 100003, "msg": "你的帐号存在异常，暂时无法发博、发评论、加关注等，请先验证身份解除异常。(100003)", "data": {"location": "https://login.sina.com.cn/sguide/sguide.php?entry=pcfeed&r=http://weibo.com", "OKText": "解除异常", "cancelText": "取消"}})
[2019-07-23 09:13:00,674] INFO[92L][6236]: ('13852816493', 评论[4396944837709720]失败:{"code": 100003, "msg": "你的帐号存在异常，暂时无法发博、发评论、加关注等，请先验证身份解除异常。(100003)", "data": {"location": "https://login.sina.com.cn/sguide/sguide.php?entry=pcfeed&r=http://weibo.com", "OKText": "解除异常", "cancelText": "取消"}})
[2019-07-23 09:13:01,044] INFO[92L][6236]: ('13852816493', 评论[4388090984257498]失败:{"code": 100003, "msg": "你的帐号存在异常，暂时无法发博、发评论、加关注等，请先验证身份解除异常。(100003)", "data": {"location": "https://login.sina.com.cn/sguide/sguide.php?entry=pcfeed&r=http://weibo.com", "OKText": "解除异常", "cancelText": "取消"}})
[2019-07-23 09:13:01,369] INFO[92L][6236]: ('13852816493', 评论[4389983596851830]失败:{"code": 100003, "msg": "你的帐号存在异常，暂时无法发博、发评论、加关注等，请先验证身份解除异常。(100003)", "data": {"location": "https://login.sina.com.cn/sguide/sguide.php?entry=pcfeed&r=http://weibo.com", "OKText": "解除异常", "cancelText": "取消"}})
[2019-07-23 09:13:01,747] INFO[92L][6236]: ('13852816493', 评论[4387393966900474]失败:{"code": 100003, "msg": "你的帐号存在异常，暂时无法发博、发评论、加关注等，请先验证身份解除异常。(100003)", "data": {"location": "https://login.sina.com.cn/sguide/sguide.php?entry=pcfeed&r=http://weibo.com", "OKText": "解除异常", "cancelText": "取消"}})
[2019-07-23 09:13:03,567] INFO[92L][6236]: ('13852816493', 完成微博评论任务)
[2019-07-23 09:13:04,704] INFO[92L][6236]: ('13852816493', 关注[5662675463]失败:{"code": 100003, "msg": "你的帐号存在异常，暂时无法发博、发评论、加关注等，请先验证身份解除异常。(100003)", "data": {"location": "https://login.sina.com.cn/sguide/sguide.php?entry=pcfeed&r=http://weibo.com", "OKText": "解除异常", "cancelText": "取消"}})
[2019-07-23 09:13:06,655] INFO[92L][6236]: ('13852816493', 关注[1275337764]失败:{"code": 100003, "msg": "你的帐号存在异常，暂时无法发博、发评论、加关注等，请先验证身份解除异常。(100003)", "data": {"location": "https://login.sina.com.cn/sguide/sguide.php?entry=pcfeed&r=http://weibo.com", "OKText": "解除异常", "cancelText": "取消"}})
[2019-07-23 09:13:07,639] INFO[92L][6236]: ('13852816493', 关注[6084421206]失败:{"code": 100003, "msg": "你的帐号存在异常，暂时无法发博、发评论、加关注等，请先验证身份解除异常。(100003)", "data": {"location": "https://login.sina.com.cn/sguide/sguide.php?entry=pcfeed&r=http://weibo.com", "OKText": "解除异常", "cancelText": "取消"}})
[2019-07-23 09:13:08,737] INFO[92L][6236]: ('13852816493', 关注[1765700464]失败:{"code": 100003, "msg": "你的帐号存在异常，暂时无法发博、发评论、加关注等，请先验证身份解除异常。(100003)", "data": {"location": "https://login.sina.com.cn/sguide/sguide.php?entry=pcfeed&r=http://weibo.com", "OKText": "解除异常", "cancelText": "取消"}})
[2019-07-23 09:13:09,684] INFO[92L][6236]: ('13852816493', 关注[3579849522]失败:{"code": 100003, "msg": "你的帐号存在异常，暂时无法发博、发评论、加关注等，请先验证身份解除异常。(100003)", "data": {"location": "https://login.sina.com.cn/sguide/sguide.php?entry=pcfeed&r=http://weibo.com", "OKText": "解除异常", "cancelText": "取消"}})
[2019-07-23 09:13:10,909] INFO[92L][6236]: ('13852816493', 关注[1660800247]失败:{"code": 100003, "msg": "你的帐号存在异常，暂时无法发博、发评论、加关注等，请先验证身份解除异常。(100003)", "data": {"location": "https://login.sina.com.cn/sguide/sguide.php?entry=pcfeed&r=http://weibo.com", "OKText": "解除异常", "cancelText": "取消"}})
[2019-07-23 09:13:13,027] INFO[92L][6236]: ('13852816493', 完成微博关注任务)
[2019-07-23 09:13:14,315] INFO[92L][6236]: ('13634332230', {"retcode": "2070", "reason": "输入的验证码不正确"})
[2019-07-23 09:13:14,828] INFO[92L][6236]: ('13634332230', {"retcode": "0", "ticket": "ST-NzIxNTM3Mzg1NQ==-1563844393-yf-92FE13E200F3A88ABA05F75C0FA49373-1", "uid": "7215373855", "nick": "用户7215373855"})
[2019-07-23 09:13:14,830] INFO[92L][6236]: ('13634332230', 登录成功)
[2019-07-23 09:13:16,717] INFO[92L][6236]: ('13634332230', 开始执行微博转发评论点赞任务)
[2019-07-23 09:13:17,305] INFO[92L][6236]: ('13634332230', 转发[4396973069151711]失败:{"code": 100003, "msg": "你的帐号存在异常，暂时无法发博、发评论、加关注等，请先验证身份解除异常。(100003)", "data": {"location": "https://login.sina.com.cn/sguide/sguide.php?entry=pcfeed&r=http://weibo.com", "OKText": "解除异常", "cancelText": "取消"}})
[2019-07-23 09:13:17,667] INFO[92L][6236]: ('13634332230', 转发[4397140916307693]失败:{"code": 100003, "msg": "你的帐号存在异常，暂时无法发博、发评论、加关注等，请先验证身份解除异常。(100003)", "data": {"location": "https://login.sina.com.cn/sguide/sguide.php?entry=pcfeed&r=http://weibo.com", "OKText": "解除异常", "cancelText": "取消"}})
[2019-07-23 09:13:17,901] INFO[92L][6236]: ('13634332230', 转发[4393342584421434]失败:{"code": 100003, "msg": "你的帐号存在异常，暂时无法发博、发评论、加关注等，请先验证身份解除异常。(100003)", "data": {"location": "https://login.sina.com.cn/sguide/sguide.php?entry=pcfeed&r=http://weibo.com", "OKText": "解除异常", "cancelText": "取消"}})
[2019-07-23 09:13:18,258] INFO[92L][6236]: ('13634332230', 转发[4396953951680237]失败:{"code": 100003, "msg": "你的帐号存在异常，暂时无法发博、发评论、加关注等，请先验证身份解除异常。(100003)", "data": {"location": "https://login.sina.com.cn/sguide/sguide.php?entry=pcfeed&r=http://weibo.com", "OKText": "解除异常", "cancelText": "取消"}})
[2019-07-23 09:13:18,499] INFO[92L][6236]: ('13634332230', 转发[4397117848085534]失败:{"code": 100003, "msg": "你的帐号存在异常，暂时无法发博、发评论、加关注等，请先验证身份解除异常。(100003)", "data": {"location": "https://login.sina.com.cn/sguide/sguide.php?entry=pcfeed&r=http://weibo.com", "OKText": "解除异常", "cancelText": "取消"}})
[2019-07-23 09:13:18,875] INFO[92L][6236]: ('13634332230', 转发[4397130271968895]失败:{"code": 100003, "msg": "你的帐号存在异常，暂时无法发博、发评论、加关注等，请先验证身份解除异常。(100003)", "data": {"location": "https://login.sina.com.cn/sguide/sguide.php?entry=pcfeed&r=http://weibo.com", "OKText": "解除异常", "cancelText": "取消"}})
[2019-07-23 09:13:18,877] INFO[92L][6236]: ('13634332230', 完成微博转发评论点赞任务)
[2019-07-23 09:13:18,877] INFO[92L][6236]: ('13634332230', 开始执行微博单独评论任务)
[2019-07-23 09:13:19,405] INFO[92L][6236]: ('13634332230', 评论[4396972162811896]失败:{"code": 100003, "msg": "你的帐号存在异常，暂时无法发博、发评论、加关注等，请先验证身份解除异常。(100003)", "data": {"location": "https://login.sina.com.cn/sguide/sguide.php?entry=pcfeed&r=http://weibo.com", "OKText": "解除异常", "cancelText": "取消"}})
[2019-07-23 09:13:19,737] INFO[92L][6236]: ('13634332230', 评论[4397143991290905]失败:{"code": 100003, "msg": "你的帐号存在异常，暂时无法发博、发评论、加关注等，请先验证身份解除异常。(100003)", "data": {"location": "https://login.sina.com.cn/sguide/sguide.php?entry=pcfeed&r=http://weibo.com", "OKText": "解除异常", "cancelText": "取消"}})
[2019-07-23 09:13:20,018] INFO[92L][6236]: ('13634332230', 评论[4387390443288608]失败:{"code": 100003, "msg": "你的帐号存在异常，暂时无法发博、发评论、加关注等，请先验证身份解除异常。(100003)", "data": {"location": "https://login.sina.com.cn/sguide/sguide.php?entry=pcfeed&r=http://weibo.com", "OKText": "解除异常", "cancelText": "取消"}})
[2019-07-23 09:13:20,371] INFO[92L][6236]: ('13634332230', 评论[4388089948308918]失败:{"code": 100003, "msg": "你的帐号存在异常，暂时无法发博、发评论、加关注等，请先验证身份解除异常。(100003)", "data": {"location": "https://login.sina.com.cn/sguide/sguide.php?entry=pcfeed&r=http://weibo.com", "OKText": "解除异常", "cancelText": "取消"}})
